2022-05-01 16:40:23: FSK9600: fm KJ7SAT-0 to SPACE-0 UI  pid=F0
2022-05-01 16:40:23: a6a082868a406096946ea682a86103f07b7b7a000146550200003edbd2122f000002000000f50100008f02000000640000008e001a000000a7000000421d600ed80e4c0ee20e600e610e160016001700ffffd6ffd2ffd8ff38ff180d280a60013f1d620ed80e4c0ee00e5f0e620effffffff1900ffffc7ffc5ffb0ffe8fe180f280a900100000000000000000000000000000000000000000000000000000000000000000000000000000000000000000000000000000000000000000000000000000000000000000000000000000000000000000000000000000000000000000000000000000000000000000000000000000000000000009b8ae84b
2022-05-01 16:41:23: FSK9600: fm KJ7SAT-0 to SPACE-0 UI  pid=F0
2022-05-01 16:41:23: a6a082868a406096946ea682a86103f07b7b7a000145910200007bdbd2122f000002000000f60100008f02000000640000008e001a000000a70000003e1d610ed80e4c0ee20e5c0e610e160016001700ffffd5ffd5ffd8ff38ff180d280a5e013e1d620ed80e4c0edf0e5f0e620effffffff1900ffffc9ffc9ffb0ffe8fe180f280a8f010000000000000000000000000000000000000000000000000000000000000000000000000000000000000000000000000000000000000000000000000000000000000000000000000000000000000000000000000000000000000000000000000000000000000000000000000000000000000000510cbd36
2022-05-01 16:41:54: FSK9600: fm KJ7SAT-0 to SPACE-0 UI  pid=F0
2022-05-01 16:41:54: a6a082868a406096946ea682a86103f07b7b7a000145af02000099dbd2122f000002000000f60100008f02000000640000008e001a000000a7000000401d610ed80e4c0ee20e5e0e600e160016001700ffffd6ffd5ffd8ff38ff180d280a5d01421d620ed80e4c0edf0e630e620effff00001900ffffcaffc8ffb0ffe8fe180f280a8e010000000000000000000000000000000000000000000000000000000000000000000000000000000000000000000000000000000000000000000000000000000000000000000000000000000000000000000000000000000000000000000000000000000000000000000000000000000000000000abf8cb1a
2022-05-01 18:09:57: FSK9600: fm ? to .8@@*;-12 QSO Nr 4 I32- pid=AE
2022-05-01 18:09:57: 6b020000000000001139882029bc74ae93
2022-05-01 19:15:06: FSK9600: fm KJ7SAT-0 to SPACE-0 UI  pid=F0
2022-05-01 19:15:06: a6a082868a406096946ea682a86103f07b7b7a000145340300000ce1d21233000002000000f601000000020000006400000081001a000000aa0000002e1d560ed80e380ed90e550e580e150015002d00ffffcaffc9ffb0ff10ff180d280a5501391d5c0ed80e4c0ed90e600e5d0effffffff1500ffffd5ffd4ffd8ff38ff180d280a63010000000000000000000000000000000000000000000000000000000000000000000000000000000000000000000000000000000000000000000000000000000000000000000000000000000000000000000000000000000000000000000000000000000000000000000000000000000000000000463776e1
2022-05-01 19:15:37: FSK9600: fm KJ7SAT-0 to SPACE-0 UI  pid=F0
2022-05-01 19:15:37: a6a082868a406096946ea682a86103f07b7b7a000145520300002ae1d21233000002000000f601000000020000006400000081001a000000aa0000002f1d580ed80e380ed90e560e570e150015002d00ffffccffc9ffb0ff10ff180d280a5401381d5d0ed80e4c0ed80e600e5d0effffffff1500ffffd6ffd4ffd8ff38ff180d280a62010000000000000000000000000000000000000000000000000000000000000000000000000000000000000000000000000000000000000000000000000000000000000000000000000000000000000000000000000000000000000000000000000000000000000000000000000000000000000000d5a401f6
2022-05-01 19:17:08: FSK9600: fm KJ7SAT-0 to SPACE-0 UI  pid=F0
2022-05-01 19:17:08: a6a082868a406096946ea682a86103f07b7b7a000145ad03000085e1d21233000002000000f601000000020000006400000081001a000000aa000000361d570ed80e380ed70e5f0e570e150015002d00ffffcaffcaffb0ff10ff180d280a53012f1d5b0ed80e4c0ed80e570e5d0effffffff1500ffffd4ffd4ffd8ff38ff180d280a6101000000000000000000000000000000000000000000000000000000000000000000000000000000000000000000000000000000000000000000000000000000000000000000000000000000000000000000000000000000000000000000000000000000000000000000000000000000000000000045b885a0
2022-05-01 19:17:38: FSK9600: fm KJ7SAT-0 to SPACE-0 UI  pid=F0
2022-05-01 19:17:38: a6a082868a406096946ea682a86103f07b7b7a000145cc030000a4e1d21233000002000000f601000000020000006400000081001a000000aa000000291d560ed80e380ed70e520e570e150015002d00ffffc7ffcaffb0ff10ff180d280a5201311d5c0ed80e4c0ed80e590e5d0effffffff1500ffffd4ffd3ffd8ff38ff180d280a61010000000000000000000000000000000000000000000000000000000000000000000000000000000000000000000000000000000000000000000000000000000000000000000000000000000000000000000000000000000000000000000000000000000000000000000000000000000000000000fa8027b7
2022-05-01 19:25:09: FSK9600: fm KJ7SAT-0 to SPACE-0 UI  pid=F0
2022-05-01 19:25:09: a6a082868a406096946ea682a86103f07b7b7a0001468e05000066e3d21233000002000000f801000093020000006400000081001a000000aa0000002f1d550ed80e380ed50e5a0e560e150015002d00ffffc9ffcbffb0ff10ff180c280a4a01311d5c0ed80e4c0ed50e5c0e5b0effffffff1500ffffd2ffd2ffd8ff38ff180d280a5a010000000000000000000000000000000000000000000000000000000000000000000000000000000000000000000000000000000000000000000000000000000000000000000000000000000000000000000000000000000000000000000000000000000000000000000000000000000000000000de2d4c21
2022-05-01 19:25:59: FSK9600: fm KJ7SAT-0 to SPACE-0 UI  pid=F0
2022-05-01 19:25:59: a6a082868a406096946ea682a86103f07b7b7a000146c005000098e3d21233000002000000fb01000091020000006400000081001a000000aa0000002e1d550ed80e380ed40e5a0e550e150015002d00ffffccffc9ffb0ff10ff180c280a49012e1d5b0ed80e4c0ed50e590e5b0effff00001500ffffd4ffd1ffd8ff38ff180d280a59010000000000000000000000000000000000000000000000000000000000000000000000000000000000000000000000000000000000000000000000000000000000000000000000000000000000000000000000000000000000000000000000000000000000000000000000000000000000000000a53c690b
2022-05-01 19:30:39: FSK9600: fm KJ7SAT-0 to SPACE-0 UI  pid=F0
2022-05-01 19:30:39: a6a082868a406096946ea682a86103f07b7b7a000146d8060000b0e4d212330000020000001002000094020000006400000081001a000000aa000000251d550ed80e380ed30e520e540e150015002d00ffffccffcbffb0ff10ff180c280a44012c1d5a0ed80e4c0ed40e580e5a0effff00001500ffffd3ffd2ffd8ff38ff180d280a550100000000000000000000000000000000000000000000000000000000000000000000000000000000000000000000000000000000000000000000000000000000000000000000000000000000000000000000000000000000000000000000000000000000000000000000000000000000000000000f0bac67
2022-05-01 19:31:09: FSK9600: fm KJ7SAT-0 to SPACE-0 UI  pid=F0
2022-05-01 19:31:09: a6a082868a406096946ea682a86103f07b7b7a000146f6060000cee4d212330000020000001602000096020000006400000081001a000000aa000000251d550ed80e380ed20e530e530e150015002d00ffffccffc3ffb0ff10ff180c280a44012b1d580ed80e4c0ed40e570e590effff00001500ffffd1ffccffd8ff38ff180d280a5401000000000000000000000000000000000000000000000000000000000000000000000000000000000000000000000000000000000000000000000000000000000000000000000000000000000000000000000000000000000000000000000000000000000000000000000000000000000000000039968fa8
2022-05-01 19:31:14: FSK9600: fm KJ7SAT-0 to SPACE-0 UI  pid=F0
2022-05-01 19:31:14: a6a082868a406096946ea682a86103f07b7b7a000146fb060000d3e4d212330000020000001702000097020000006400000081001a000000aa000000261d550ed80e380ed30e530e540e150015002d00ffffccffc5ffb0ff10ff180c280a44012a1d5a0ed80e4c0ed30e570e590effffffff1500ffffd2ffcbffd8ff38ff180d280a54010000000000000000000000000000000000000000000000000000000000000000000000000000000000000000000000000000000000000000000000000000000000000000000000000000000000000000000000000000000000000000000000000000000000000000000000000000000000000000d8afd1ca
2022-05-01 19:31:19: FSK9600: fm KJ7SAT-0 to SPACE-0 UI  pid=F0
2022-05-01 19:31:19: a6a082868a406096946ea682a86103f07b7b7a00014600070000d8e4d21233000002000000180200008a020000006400000081001a000000aa000000261d550ed80e380ed30e530e540e150015002d00ffffccffc5ffb0ff10ff180c280a44012a1d5a0ed80e4c0ed30e570e590effffffff1500ffffd2ffcbffd8ff38ff180d280a54010000000000000000000000000000000000000000000000000000000000000000000000000000000000000000000000000000000000000000000000000000000000000000000000000000000000000000000000000000000000000000000000000000000000000000000000000000000000000000648761f2
2022-05-01 19:31:27: FSK9600: fm *AN\;?-6 to ]#Hf-5 RNR7- pid=DB
2022-05-01 19:31:27: 2cba104690cd4a54829cb8767e8cf5db8386c2e7
2022-05-01 19:31:34: FSK9600: fm KJ7SAT-0 to SPACE-0 UI  pid=F0
2022-05-01 19:31:34: a6a082868a406096946ea682a86103f07b7b7a0001460f070000e7e4d21233000002000000190200008e020000006400000081001a000000aa000000221d540ed80e380ed20e500e530e150015002d00ffffcdffc7ffb0ff10ff180c280a43012a1d5a0ed80e4c0ed30e570e590effff00001500ffffd1ffceffd8ff38ff180d280a540100000000000000000000000000000000000000000000000000000000000000000000000000000000000000000000000000000000000000000000000000000000000000000000000000000000000000000000000000000000000000000000000000000000000000000000000000000000000000001b3a214e
2022-05-01 19:31:44: FSK9600: fm KJ7SAT-0 to SPACE-0 UI  pid=F0
2022-05-01 19:31:44: a6a082868a406096946ea682a86103f07b7b7a00014619070000f1e4d212330000020000001b0200008e020000006400000081001a000000aa000000251d530ed80e380ed20e530e530e150015002d00ffffcbffc6ffb0ff10ff180c280a4301271d590ed80e4c0ed30e540e590effff00001500ffffd2ffceffd8ff38ff180d280a54010000000000000000000000000000000000000000000000000000000000000000000000000000000000000000000000000000000000000000000000000000000000000000000000000000000000000000000000000000000000000000000000000000000000000000000000000000000000000000e4a64cf3
2022-05-01 19:35:24: FSK9600: fm KJ7SAT-0 to SPACE-0 UI  pid=F0
2022-05-01 19:35:24: a6a082868a406096946ea682a86103f07b7b7a000145f5070000cde5d21233000002000000280200008f020000006400000081001a000000aa000000221d530ed80e380ed10e510e530e140014002d00ffffccffccffb0ff10ff180c280a3f01251d590ed80e4c0ed30e520e590effff00001500ffffd3ffd2ffd8ff38ff180c280a50010000000000000000000000000000000000000000000000000000000000000000000000000000000000000000000000000000000000000000000000000000000000000000000000000000000000000000000000000000000000000000000000000000000000000000000000000000000000000000a31f1e86
2022-05-01 19:36:29: FSK9600: fm KJ7SAT-0 to SPACE-0 UI  pid=F0
2022-05-01 19:36:29: a6a082868a406096946ea682a86103f07b7b7a000146360800000ee6d212330000020000003002000096020000006400000081001a000000aa000000271d530ed80e380ed00e570e530e140014002d00ffffceffcbffb0ff10ff180c280a3e012b1d570ed80e4c0ed20e590e580effffffff1500ffffd1ffd0ffd8ff38ff180c280a4f0100000000000000000000000000000000000000000000000000000000000000000000000000000000000000000000000000000000000000000000000000000000000000000000000000000000000000000000000000000000000000000000000000000000000000000000000000000000000000000d2fbafc
2022-05-01 19:36:49: FSK9600: fm KJ7SAT-0 to SPACE-0 UI  pid=F0
2022-05-01 19:36:49: a6a082868a406096946ea682a86103f07b7b7a0001464a08000022e6d212330000020000003402000091020000006400000081001a000000aa0000001d1d510ed80e380ed00e4d0e520e140014002d00ffffcbffc4ffb0ff10ff180c280a3e012b1d5a0ed80e4c0ed10e5a0e580effff00001500ffffd1ffcbffd8ff38ff180c280a4f0100000000000000000000000000000000000000000000000000000000000000000000000000000000000000000000000000000000000000000000000000000000000000000000000000000000000000000000000000000000000000000000000000000000000000000000000000000000000000008f6fdd70
2022-05-01 20:29:53: FSK9600: fm ? to A-9.YG-4 QSO Nr 5586 I64- pid=2D
2022-05-01 20:29:53: 6b020000000000574984d64ee674d82d84b6480f853fe81a1ff449c9b76b524525e805ea382e63857922
2022-05-01 20:40:17: FSK9600: fm KJ7SAT-0 to SPACE-0 UI  pid=F0
2022-05-01 20:40:17: a6a082868a406096946ea682a86103f07b7b7a0001462a17000002f5d21233000002000000410200008b02000000640000008e001a000000ac000000091d470ed80e380ebc0e4d0e470e150015002d00ffffcdffc9ffb0ff10ff1809280a01010e1d4d0ed80e380ebe0e500e4d0effff00001500ffffcfffceffd8ff38ff180a280a1b0100000000000000000000000000000000000000000000000000000000000000000000000000000000000000000000000000000000000000000000000000000000000000000000000000000000000000000000000000000000000000000000000000000000000000000000000000000000000000001ad4aca0
2022-05-01 20:40:47: FSK9600: fm KJ7SAT-0 to SPACE-0 UI  pid=F0
2022-05-01 20:40:47: a6a082868a406096946ea682a86103f07b7b7a0001464817000020f5d21233000002000000430200008902000000640000008e001a000000ac0000000b1d470ed80e380ebc0e4f0e470e150015002d00ffffcdffcbffb0ff10ff1809280a01010c1d4c0ed80e380ebf0e4d0e4d0effff00001500ffffd0ffcfffd8ff38ff180a280a1b01000000000000000000000000000000000000000000000000000000000000000000000000000000000000000000000000000000000000000000000000000000000000000000000000000000000000000000000000000000000000000000000000000000000000000000000000000000000000000089160d06
2022-05-01 20:47:07: FSK9600: fm KJ7SAT-0 to SPACE-0 UI  pid=F0
2022-05-01 20:47:07: a6a082868a406096946ea682a86103f07b7b7a000146c41800009cf6d212330000020000004d0200008e02000000640000008e001a000000ac000000031d470ed80e380eba0e490e460e150015002d00ffffceffcaffb0ff10ff1809280afb00071d4d0ed80e380ebd0e4a0e4c0effffffff1500ffffd1ffcdffd8ff38ff180a280a1501000000000000000000000000000000000000000000000000000000000000000000000000000000000000000000000000000000000000000000000000000000000000000000000000000000000000000000000000000000000000000000000000000000000000000000000000000000000000000023615ab6
2022-05-01 20:47:12: FSK9600: fm KJ7SAT-0 to SPACE-0 UI  pid=F0
2022-05-01 20:47:12: a6a082868a406096946ea682a86103f07b7b7a000146c9180000a1f6d212330000020000004e0200008f02000000640000008e001a000000ac000000fe1c460ed80e380eb80e460e460e150015002d00ffffceffc7ffb0ff10ff1809280afa00091d4c0ed80e380ebd0e4c0e4b0effffffff1500ffffcfffcbffd8ff38ff180a280a15010000000000000000000000000000000000000000000000000000000000000000000000000000000000000000000000000000000000000000000000000000000000000000000000000000000000000000000000000000000000000000000000000000000000000000000000000000000000000000b822dc36
2022-05-01 20:47:17: FSK9600: fm KJ7SAT-0 to SPACE-0 UI  pid=F0
2022-05-01 20:47:17: a6a082868a406096946ea682a86103f07b7b7a000146ce180000a6f6d212330000020000004f0200009402000000640000008e001a000000ac000000fe1c460ed80e380eb80e460e460e150015002d00ffffceffc7ffb0ff10ff1809280afa00091d4c0ed80e380ebd0e4c0e4b0effffffff1500ffffcfffcbffd8ff38ff180a280a1501000000000000000000000000000000000000000000000000000000000000000000000000000000000000000000000000000000000000000000000000000000000000000000000000000000000000000000000000000000000000000000000000000000000000000000000000000000000000000004fb65c2
2022-05-01 20:47:22: FSK9600: fm KJ7SAT-0 to SPACE-0 UI  pid=F0
2022-05-01 20:47:22: a6a082868a406096946ea682a86103f07b7b7a000146d3180000abf6d21233000002000000500200009502000000640000008e001a000000ac000000031d460ed80e380eba0e490e460e150015002d00ffffcfffc3ffb0ff10ff1809280afa00071d4b0ed80e380ebb0e4c0e4c0effffffff1500ffffd2ffcbffd8ff38ff180a280a1501000000000000000000000000000000000000000000000000000000000000000000000000000000000000000000000000000000000000000000000000000000000000000000000000000000000000000000000000000000000000000000000000000000000000000000000000000000000000000038ad7a96
2022-05-01 20:47:27: FSK9600: fm KJ7SAT-0 to SPACE-0 UI  pid=F0
2022-05-01 20:47:27: a6a082868a406096946ea682a86103f07b7b7a000146d8180000b0f6d21233000002000000510200009602000000640000008e001a000000ac000000031d460ed80e380eba0e490e460e150015002d00ffffcfffc3ffb0ff10ff1809280afa00071d4b0ed80e380ebb0e4c0e4c0effffffff1500ffffd2ffcbffd8ff38ff180a280a1501000000000000000000000000000000000000000000000000000000000000000000000000000000000000000000000000000000000000000000000000000000000000000000000000000000000000000000000000000000000000000000000000000000000000000000000000000000000000000049993ce7
2022-05-01 20:47:32: FSK9600: fm KJ7SAT-0 to SPACE-0 UI  pid=F0
2022-05-01 20:47:32: a6a082868a406096946ea682a86103f07b7b7a000146dd180000b5f6d21233000002000000520200009202000000640000008e001a000000ac000000fe1c480ed80e380eb90e450e460e150015002d00ffffceffc1ffb0ff10ff1809280afa00031d4b0ed80e380ebc0e470e4b0effffffff1500ffffceffc8ffd8ff38ff180a280a150100000000000000000000000000000000000000000000000000000000000000000000000000000000000000000000000000000000000000000000000000000000000000000000000000000000000000000000000000000000000000000000000000000000000000000000000000000000000000005664f9e7
2022-05-01 20:47:37: FSK9600: fm KJ7SAT-0 to SPACE-0 UI  pid=F0
2022-05-01 20:47:37: a6a082868a406096946ea682a86103f07b7b7a000146e2180000baf6d21233000002000000530200009002000000640000008e001a000000ac000000fe1c480ed80e380eb90e450e460e150015002d00ffffceffc1ffb0ff10ff1809280afa00031d4b0ed80e380ebc0e470e4b0effffffff1500ffffceffc8ffd8ff38ff180a280a1501000000000000000000000000000000000000000000000000000000000000000000000000000000000000000000000000000000000000000000000000000000000000000000000000000000000000000000000000000000000000000000000000000000000000000000000000000000000000000042610518
2022-05-01 20:47:42: FSK9600: fm KJ7SAT-0 to SPACE-0 UI  pid=F0
2022-05-01 20:47:42: a6a082868a406096946ea682a86103f07b7b7a000146e7180000bff6d21233000002000000540200009402000000640000008e001a000000ac000000031d460ed80e380eba0e490e460e150015002d00ffffd0ffc4ffb0ff10ff1809280afa00011d4d0ed80e380ebb0e460e4c0effffffff1500ffffd1ffc8ffd8ff38ff180a280a150100000000000000000000000000000000000000000000000000000000000000000000000000000000000000000000000000000000000000000000000000000000000000000000000000000000000000000000000000000000000000000000000000000000000000000000000000000000000000005e72b2c7
2022-05-01 20:47:47: FSK9600: fm KJ7SAT-0 to SPACE-0 UI  pid=F0
2022-05-01 20:47:47: a6a082868a406096946ea682a86103f07b7b7a000146ec180000c4f6d21233000002000000550200009402000000640000008e001a000000ac000000031d460ed80e380eba0e490e460e150015002d00ffffd0ffc4ffb0ff10ff1809280afa00011d4d0ed80e380ebb0e460e4c0effffffff1500ffffd1ffc8ffd8ff38ff180a280a150100000000000000000000000000000000000000000000000000000000000000000000000000000000000000000000000000000000000000000000000000000000000000000000000000000000000000000000000000000000000000000000000000000000000000000000000000000000000000004393d4a9
2022-05-01 20:47:52: FSK9600: fm KJ7SAT-0 to SPACE-0 UI  pid=F0
2022-05-01 20:47:52: a6a082868a406096946ea682a86103f07b7b7a000146f1180000c9f6d21233000002000000560200009102000000640000008e001a000000ac000000021d470ed80e380eba0e480e450e150015002d00ffffcfffc5ffb0ff10ff1809280afa00061d4d0ed80e380ebc0e4a0e4c0effffffff1500ffffd0ffcaffd8ff38ff180a280a1401000000000000000000000000000000000000000000000000000000000000000000000000000000000000000000000000000000000000000000000000000000000000000000000000000000000000000000000000000000000000000000000000000000000000000000000000000000000000000022c8b75d
2022-05-01 20:47:57: FSK9600: fm KJ7SAT-0 to SPACE-0 UI  pid=F0
2022-05-01 20:47:57: a6a082868a406096946ea682a86103f07b7b7a000146f6180000cef6d21233000002000000570200009602000000640000008e001a000000ac000000021d470ed80e380eba0e480e450e150015002d00ffffcfffc5ffb0ff10ff1809280afa00061d4d0ed80e380ebc0e4a0e4c0effffffff1500ffffd0ffcaffd8ff38ff180a280a14010000000000000000000000000000000000000000000000000000000000000000000000000000000000000000000000000000000000000000000000000000000000000000000000000000000000000000000000000000000000000000000000000000000000000000000000000000000000000000a92cf57e
2022-05-01 20:48:02: FSK9600: fm KJ7SAT-0 to SPACE-0 UI  pid=F0
2022-05-01 20:48:02: a6a082868a406096946ea682a86103f07b7b7a000146fb180000d3f6d21233000002000000580200009402000000640000008e001a000000ac000000021d450ed80e380eba0e480e460e150015002d00ffffceffc1ffb0ff10ff1809280af900041d4c0ed80e380ebb0e490e4c0effffffff1500ffffd0ffc7ffd8ff38ff180a280a14010000000000000000000000000000000000000000000000000000000000000000000000000000000000000000000000000000000000000000000000000000000000000000000000000000000000000000000000000000000000000000000000000000000000000000000000000000000000000000cc26357b
2022-05-01 20:48:07: FSK9600: fm KJ7SAT-0 to SPACE-0 UI  pid=F0
2022-05-01 20:48:07: a6a082868a406096946ea682a86103f07b7b7a00014600190000d8f6d21233000002000000590200009402000000640000008e001a000000ac000000021d450ed80e380eba0e480e460e150015002d00ffffceffc1ffb0ff10ff1809280af900041d4c0ed80e380ebb0e490e4c0effffffff1500ffffd0ffc7ffd8ff38ff180a280a1401000000000000000000000000000000000000000000000000000000000000000000000000000000000000000000000000000000000000000000000000000000000000000000000000000000000000000000000000000000000000000000000000000000000000000000000000000000000000000078e04835
2022-05-01 20:48:12: FSK9600: fm KJ7SAT-0 to SPACE-0 UI  pid=F0
2022-05-01 20:48:12: a6a082868a406096946ea682a86103f07b7b7a00014605190000ddf6d212330000020000005a0200009502000000640000008e001a000000ac000000fe1c460ed80e380eba0e440e450e150015002d00ffffd0ffc3ffb0ff10ff1809280af900071d4c0ed80e380ebd0e4a0e4c0effff00001500ffffd0ffcaffd8ff38ff180a280a14010000000000000000000000000000000000000000000000000000000000000000000000000000000000000000000000000000000000000000000000000000000000000000000000000000000000000000000000000000000000000000000000000000000000000000000000000000000000000000f44b0a35
2022-05-01 20:48:17: FSK9600: fm KJ7SAT-0 to SPACE-0 UI  pid=F0
2022-05-01 20:48:17: a6a082868a406096946ea682a86103f07b7b7a0001460a190000e2f6d212330000020000005b0200009402000000640000008e001a000000ac000000fe1c460ed80e380eba0e440e450e150015002d00ffffd0ffc3ffb0ff10ff1809280af900071d4c0ed80e380ebd0e4a0e4c0effff00001500ffffd0ffcaffd8ff38ff180a280a140100000000000000000000000000000000000000000000000000000000000000000000000000000000000000000000000000000000000000000000000000000000000000000000000000000000000000000000000000000000000000000000000000000000000000000000000000000000000000008591f86a
2022-05-01 20:48:22: FSK9600: fm KJ7SAT-0 to SPACE-0 UI  pid=F0
2022-05-01 20:48:22: a6a082868a406096946ea682a86103f07b7b7a0001460f190000e7f6d212330000020000005c0200009402000000640000008e001a000000ac000000fe1c470ed80e380eba0e440e450e150015002d00ffffceffc1ffb0ff10ff1809280af900091d4d0ed80e380ebb0e4e0e4b0effffffff1500ffffd0ffc7ffd8ff38ff180a280a14010000000000000000000000000000000000000000000000000000000000000000000000000000000000000000000000000000000000000000000000000000000000000000000000000000000000000000000000000000000000000000000000000000000000000000000000000000000000000000a60e862b
2022-05-01 20:48:27: FSK9600: fm KJ7SAT-0 to SPACE-0 UI  pid=F0
2022-05-01 20:48:27: a6a082868a406096946ea682a86103f07b7b7a00014614190000ecf6d212330000020000005d0200009002000000640000008e001a000000ac000000fe1c470ed80e380eba0e440e450e150015002d00ffffceffc1ffb0ff10ff1809280af900091d4d0ed80e380ebb0e4e0e4b0effffffff1500ffffd0ffc7ffd8ff38ff180a280a14010000000000000000000000000000000000000000000000000000000000000000000000000000000000000000000000000000000000000000000000000000000000000000000000000000000000000000000000000000000000000000000000000000000000000000000000000000000000000000db353162
2022-05-01 20:48:32: FSK9600: fm KJ7SAT-0 to SPACE-0 UI  pid=F0
2022-05-01 20:48:32: a6a082868a406096946ea682a86103f07b7b7a00014619190000f1f6d212330000020000005e0200008f02000000640000008e001a000000ac000000fd1c460ed80e380eba0e430e450e150015002d00ffffcfffc1ffb0ff10ff1809280af900011d4c0ed80e380ebc0e450e4c0effff00001500ffffcfffc9ffd8ff38ff180a280a140100000000000000000000000000000000000000000000000000000000000000000000000000000000000000000000000000000000000000000000000000000000000000000000000000000000000000000000000000000000000000000000000000000000000000000000000000000000000000002ff9399c
2022-05-01 20:48:42: FSK9600: fm KJ7SAT-0 to SPACE-0 UI  pid=F0
2022-05-01 20:48:42: a6a082868a406096946ea682a86103f07b7b7a00014623190000fbf6d212330000020000005f0200009102000000640000008e001a000000ac000000ff1c460ed80e380eba0e450e450e150015002d00ffffceffc5ffb0ff10ff1809280af900061d4c0ed80e380ebd0e490e4b0effff00001500ffffd0ffcbffd8ff38ff180a280a1401000000000000000000000000000000000000000000000000000000000000000000000000000000000000000000000000000000000000000000000000000000000000000000000000000000000000000000000000000000000000000000000000000000000000000000000000000000000000000005952001
2022-05-01 20:48:47: FSK9600: fm KJ7SAT-0 to SPACE-0 UI  pid=F0
2022-05-01 20:48:47: a6a082868a406096946ea682a86103f07b7b7a0001462819000000f7d21233000002000000600200008f02000000640000008e001a000000ac000000ff1c460ed80e380eba0e450e450e150015002d00ffffceffc5ffb0ff10ff1809280af900061d4c0ed80e380ebd0e490e4b0effff00001500ffffd0ffcbffd8ff38ff180a280a1401000000000000000000000000000000000000000000000000000000000000000000000000000000000000000000000000000000000000000000000000000000000000000000000000000000000000000000000000000000000000000000000000000000000000000000000000000000000000000000ad93e1
2022-05-01 22:27:44: FSK9600: fm ? to 43&<H]-1 QSO Nr 4324 I22+ pid=CC
2022-05-01 22:27:44: 6b020000000000439351319ca3d154cca4e8496a3aaca2815b20b42f373631
2022-05-01 22:55:45: FSK9600: fm KJ7SAT-0 to SPACE-0 UI  pid=F0
2022-05-01 22:55:45: a6a082868a406096946ea682a86103f07b7b7a000146cb0400001b04d31236000002000000720200009602000000640000007f001a000000af000000f31c410eb00e380eae0e450e410e150015001500ffffd7ffd5ffd8ff38ff1808280ae200eb1c440eb00e240eaa0e410e420effffffff1600ffffc7ffc2ffb0ffe8fe1809280af90000000000000000000000000000000000000000000000000000000000000000000000000000000000000000000000000000000000000000000000000000000000000000000000000000000000000000000000000000000000000000000000000000000000000000000000000000000000000000005262b156
2022-05-01 22:56:20: FSK9600: fm KJ7SAT-0 to SPACE-0 UI  pid=F0
2022-05-01 22:56:20: a6a082868a406096946ea682a86103f07b7b7a000146ee0400003e04d31236000002000000760200008e02000000640000007f001a000000af000000ed1c410eb00e380eae0e3f0e410e150015001500ffffd6ffd6ffd8ff38ff1808280ae200e61c420eb00e240eab0e3b0e420effffffff1600ffffc8ffc1ffb0ffe8fe1809280af90000000000000000000000000000000000000000000000000000000000000000000000000000000000000000000000000000000000000000000000000000000000000000000000000000000000000000000000000000000000000000000000000000000000000000000000000000000000000000002f75d59f
2022-05-01 22:56:25: FSK9600: fm KJ7SAT-0 to SPACE-0 UI  pid=F0
2022-05-01 22:56:25: a6a082868a406096946ea682a86103f07b7b7a000146f30400004304d31236000002000000770200008c02000000640000007f001a000000af000000eb1c410eb00e380eae0e3d0e410e150015001500ffffcdffd5ffd8ff38ff1808280ae100e91c430eb00e240eaa0e3f0e420effffffff1600ffffc8ffc1ffb0ffe8fe1809280af80000000000000000000000000000000000000000000000000000000000000000000000000000000000000000000000000000000000000000000000000000000000000000000000000000000000000000000000000000000000000000000000000000000000000000000000000000000000000000008b879f73
2022-05-01 22:56:35: FSK9600: fm KJ7SAT-0 to SPACE-0 UI  pid=F0
2022-05-01 22:56:35: a6a082868a406096946ea682a86103f07b7b7a000146fd0400004d04d31236000002000000780200008d02000000640000007f001a000000af000000f21c410eb00e380ead0e450e410e150015001500ffffd8ffd3ffd8ff38ff1808280ae100e81c420eb00e240eaa0e3e0e420effff00001600ffffc6ffbeffb0ffe8fe1809280af80000000000000000000000000000000000000000000000000000000000000000000000000000000000000000000000000000000000000000000000000000000000000000000000000000000000000000000000000000000000000000000000000000000000000000000000000000000000000000002176a838
2022-05-01 23:07:00: FSK9600: fm KJ7SAT-0 to SPACE-0 UI  pid=F0
2022-05-01 23:07:00: a6a082868a406096946ea682a86103f07b7b7a0001466e070000be06d31236000002000000930200008c02000000640000007f001a000000af000000ea1c400eb00e240eab0e3f0e3f0e140014001500ffffd5ffd5ffd8ff38ff1808280ad900e81c420eb00e240ea70e410e410effffffff1600ffffcaffc9ffb0ffe8fe1809280aec000000000000000000000000000000000000000000000000000000000000000000000000000000000000000000000000000000000000000000000000000000000000000000000000000000000000000000000000000000000000000000000000000000000000000000000000000000000000000000d0aff860
2022-05-01 23:08:05: FSK9600: fm KJ7SAT-0 to SPACE-0 UI  pid=F0
2022-05-01 23:08:05: a6a082868a406096946ea682a86103f07b7b7a000145af070000ff06d31236000002000000950200008b02000000640000007f001a000000af000000e81c400eb00e240eab0e3d0e400e140014001500ffffd3ffd5ffd8ff38ff1808280ad900e41c410eb00e240ea70e3d0e410effffffff1600ffffcaffcaffb0ffe8fe1809280aeb0000000000000000000000000000000000000000000000000000000000000000000000000000000000000000000000000000000000000000000000000000000000000000000000000000000000000000000000000000000000000000000000000000000000000000000000000000000000000000008a07367d
2022-05-02 00:31:11: FSK9600: fm KJ7SAT-0 to SPACE-0 UI  pid=F0
2022-05-02 00:31:11: a6a082868a406096946ea682a86103f07b7b7a000146281b0000781ad31236000002000000e9020000a7020000006400000077001a000000b5000000c21c330eb00e100e900e320e310e110011001500ffffceffc8ffd8ff38ff1806280ab200c61c330eb00e240e8c0e3a0e340effff00001600ffffd1ffc8ffb0ffe8fe1807280ab6000000000000000000000000000000000000000000000000000000000000000000000000000000000000000000000000000000000000000000000000000000000000000000000000000000000000000000000000000000000000000000000000000000000000000000000000000000000000000000db80d401
2022-05-02 00:32:05: FSK9600: fm KJ7SAT-0 to SPACE-0 UI  pid=F0
2022-05-02 00:32:05: a6a082868a406096946ea682a86103f07b7b7a0001465f1b0000af1ad31236000002000000ef020000a6020000006400000077001a000000b5000000ac1c310eb00e100e900e1c0e320e110012001500ffffceffc8ffd8ff38ff1806280ab200c31c350eb00e240e8c0e370e340effff00001600ffffd0ffcfffb0ffe8fe1806280ab50000000000000000000000000000000000000000000000000000000000000000000000000000000000000000000000000000000000000000000000000000000000000000000000000000000000000000000000000000000000000000000000000000000000000000000000000000000000000000000f6edfbf
2022-05-02 00:32:11: FSK9600: fm KJ7SAT-0 to SPACE-0 UI  pid=F0
2022-05-02 00:32:11: a6a082868a406096946ea682a86103f07b7b7a000146641b0000b41ad31236000002000000f0020000a6020000006400000077001a000000b5000000ac1c310eb00e100e900e1c0e320e110012001500ffffceffc8ffd8ff38ff1806280ab200c31c350eb00e240e8c0e370e340effff00001600ffffd0ffcfffb0ffe8fe1806280ab500000000000000000000000000000000000000000000000000000000000000000000000000000000000000000000000000000000000000000000000000000000000000000000000000000000000000000000000000000000000000000000000000000000000000000000000000000000000000000003dd465e
2022-05-02 00:32:40: FSK9600: fm KJ7SAT-0 to SPACE-0 UI  pid=F0
2022-05-02 00:32:40: a6a082868a406096946ea682a86103f07b7b7a000146821b0000d21ad31236000002000000f5020000a9020000006400000077001a000000b5000000bb1c2e0eb00e100e900e2b0e310e110011001500ffffc3ffc6ffd8ff38ff1806280ab100be1c320eb00e240e8c0e320e330effffffff1600ffffd1ffc9ffb0ffe8fe1806280ab500000000000000000000000000000000000000000000000000000000000000000000000000000000000000000000000000000000000000000000000000000000000000000000000000000000000000000000000000000000000000000000000000000000000000000000000000000000000000000008f4be92
2022-05-02 00:32:46: FSK9600: fm KJ7SAT-0 to SPACE-0 UI  pid=F0
2022-05-02 00:32:46: a6a082868a406096946ea682a86103f07b7b7a000146871b0000d71ad31236000002000000f6020000a7020000006400000077001a000000b5000000a21c320eb00e100e8e0e140e310e110011001500ffff40ffc3ffd8ff38ff1806280ab100a21c340eb00e240e8b0e170e340effff00001600ffffc3ffc5ffb0ffe8fe1806280ab5000000000000000000000000000000000000000000000000000000000000000000000000000000000000000000000000000000000000000000000000000000000000000000000000000000000000000000000000000000000000000000000000000000000000000000000000000000000000000000579286cc
2022-05-02 00:32:56: FSK9600: fm KJ7SAT-0 to SPACE-0 UI  pid=F0
2022-05-02 00:32:56: a6a082868a406096946ea682a86103f07b7b7a000146911b0000e11ad31236000002000000f8020000a6020000006400000077001a000000b5000000bd1c260eb00e100e8f0e2e0e300e110012001500ffffc1ffc4ffd8ff38ff1806280ab100bc1c340eb00e240e8b0e310e340effff00001600ffffd0ffcaffb0ffe8fe1806280ab50000000000000000000000000000000000000000000000000000000000000000000000000000000000000000000000000000000000000000000000000000000000000000000000000000000000000000000000000000000000000000000000000000000000000000000000000000000000000000006443343b
2022-05-02 00:33:01: FSK9600: fm KJ7SAT-0 to SPACE-0 UI  pid=F0
2022-05-02 00:33:01: a6a082868a406096946ea682a86103f07b7b7a000146961b0000e61ad31236000002000000f902000097020000006400000077001a000000b5000000bd1c260eb00e100e8f0e2e0e300e110012001500ffffc1ffc4ffd8ff38ff1806280ab100bc1c340eb00e240e8b0e310e340effff00001600ffffd0ffcaffb0ffe8fe1806280ab50000000000000000000000000000000000000000000000000000000000000000000000000000000000000000000000000000000000000000000000000000000000000000000000000000000000000000000000000000000000000000000000000000000000000000000000000000000000000000007bc6b4ea
2022-05-02 00:33:11: FSK9600: fm KJ7SAT-0 to SPACE-0 UI  pid=F0
2022-05-02 00:33:11: a6a082868a406096946ea682a86103f07b7b7a000146a01b0000f01ad31236000002000000fb02000092020000006400000077001a000000b5000000c11c330eb00e100e8d0e340e310e110011001500ffff9effc6ffd8ff38ff1806280ab000b21c350eb00e240e8a0e280e330effffffff1600ffffc4ffc4ffb0ffe8fe1806280ab50000000000000000000000000000000000000000000000000000000000000000000000000000000000000000000000000000000000000000000000000000000000000000000000000000000000000000000000000000000000000000000000000000000000000000000000000000000000000000002f24b933
2022-05-02 00:33:21: FSK9600: fm KJ7SAT-0 to SPACE-0 UI  pid=F0
2022-05-02 00:33:21: a6a082868a406096946ea682a86103f07b7b7a000146aa1b0000fa1ad31236000002000000fc020000a5020000006400000077001a000000b5000000c61c320eb00e100e8f0e370e310e110011001500ffffceffc6ffd8ff38ff1806280ab000bb1c340eb00e240e8c0e2f0e340effff00001600ffffd1ffcaffb0ffe8fe1806280ab50000000000000000000000000000000000000000000000000000000000000000000000000000000000000000000000000000000000000000000000000000000000000000000000000000000000000000000000000000000000000000000000000000000000000000000000000000000000000000009fc39514
2022-05-02 00:33:36: FSK9600: fm KJ7SAT-0 to SPACE-0 UI  pid=F0
2022-05-02 00:33:36: a6a082868a406096946ea682a86103f07b7b7a000146b91b0000091bd31236000002000000fe02000099020000006400000077001a000000b5000000b91c300eb00e100e8f0e2a0e310e110011001500ffffcdffc6ffd8ff38ff1806280ab000bd1c350eb00e240e8c0e310e340effffffff1600ffffd0ffcaffb0ffe8fe1806280ab5000000000000000000000000000000000000000000000000000000000000000000000000000000000000000000000000000000000000000000000000000000000000000000000000000000000000000000000000000000000000000000000000000000000000000000000000000000000000000000f70bfd7f
2022-05-02 00:33:56: FSK9600: fm KJ7SAT-0 to SPACE-0 UI  pid=F0
2022-05-02 00:33:56: a6a082868a406096946ea682a86103f07b7b7a000146cd1b00001d1bd3123600000200000000030000aa020000006400000077001a000000b5000000a91c310eb00e100e8f0e1a0e310e110011001500ffff43ffcbffd8ff38ff1806280ab000b91c270eb00e240e8b0e2e0e330effffffff1600ffffc4ffc9ffb0ffe8fe1806280ab4000000000000000000000000000000000000000000000000000000000000000000000000000000000000000000000000000000000000000000000000000000000000000000000000000000000000000000000000000000000000000000000000000000000000000000000000000000000000000000d3a41270
2022-05-02 00:34:06: FSK9600: fm KJ7SAT-0 to SPACE-0 UI  pid=F0
2022-05-02 00:34:06: a6a082868a406096946ea682a86103f07b7b7a000146d71b0000271bd3123600000200000002030000a8020000006400000077001a000000b5000000c31c310eb00e100e8f0e340e300e110011001500ffffcdffc7ffd8ff38ff1806280ab000b81c340eb00e240e8b0e2d0e330effff00001600ffffd0ffccffb0ffe8fe1806280ab4000000000000000000000000000000000000000000000000000000000000000000000000000000000000000000000000000000000000000000000000000000000000000000000000000000000000000000000000000000000000000000000000000000000000000000000000000000000000000000a239a09b
2022-05-02 00:34:16: FSK9600: fm KJ7SAT-0 to SPACE-0 UI  pid=F0
2022-05-02 00:34:16: a6a082868a406096946ea682a86103f07b7b7a000146e11b0000311bd3123600000200000003030000a9020000006400000077001a000000b5000000c31c310eb00e100e8f0e340e310e110012001500ffffcdffc7ffd8ff38ff1806280ab000be1c340eb00e240e8c0e320e340effffffff1600ffffd1ffc9ffb0ffe8fe1806280ab4000000000000000000000000000000000000000000000000000000000000000000000000000000000000000000000000000000000000000000000000000000000000000000000000000000000000000000000000000000000000000000000000000000000000000000000000000000000000000000377c1557
2022-05-02 00:34:21: FSK9600: fm KJ7SAT-0 to SPACE-0 UI  pid=F0
2022-05-02 00:34:21: a6a082868a406096946ea682a86103f07b7b7a000146e61b0000361bd312360000020000000403000096020000006400000077001a000000b5000000c31c310eb00e100e8f0e340e310e110012001500ffffcdffc7ffd8ff38ff1806280ab000be1c340eb00e240e8c0e320e340effffffff1600ffffd1ffc9ffb0ffe8fe1806280ab400000000000000000000000000000000000000000000000000000000000000000000000000000000000000000000000000000000000000000000000000000000000000000000000000000000000000000000000000000000000000000000000000000000000000000000000000000000000000000042dd2825
2022-05-02 00:34:41: FSK9600: fm KJ7SAT-0 to SPACE-0 UI  pid=F0
2022-05-02 00:34:41: a6a082868a406096946ea682a86103f07b7b7a000146fa1b00004a1bd312360000020000000503000099020000006400000077001a000000b5000000c11c310eb00e100e8f0e320e310e110012001500ffffceffcaffd8ff38ff1806280ab000c21c330eb00e240e8c0e360e340effff00001600ffffd0ffcdffb0ffe8fe1806280ab40000000000000000000000000000000000000000000000000000000000000000000000000000000000000000000000000000000000000000000000000000000000000000000000000000000000000000000000000000000000000000000000000000000000000000000000000000000000000000003f74100c
2022-05-02 00:34:46: FSK9600: fm KJ7SAT-0 to SPACE-0 UI  pid=F0
2022-05-02 00:34:46: a6a082868a406096946ea682a86103f07b7b7a000146ff1b00004f1bd3123600000200000006030000a5020000006400000077001a000000b5000000c01c250eb00e100e8f0e310e310e110012001500ffff40ffccffd8ff38ff1806280aaf00bd1c300eb00e240e880e350e340effffffff1600ffffc2ffcaffb0ffe8fe1806280ab4000000000000000000000000000000000000000000000000000000000000000000000000000000000000000000000000000000000000000000000000000000000000000000000000000000000000000000000000000000000000000000000000000000000000000000000000000000000000000000324f269b
2022-05-02 00:34:56: FSK9600: fm KJ7SAT-0 to SPACE-0 UI  pid=F0
2022-05-02 00:34:56: a6a082868a406096946ea682a86103f07b7b7a000146091c0000591bd312360000020000000803000097020000006400000077001a000000b5000000c01c2f0eb00e100e8c0e340e310e110012001500ffffceffc4ffd8ff38ff1806280aaf00bd1c330eb00e240e8b0e320e340effffffff1600ffffd1ffcaffb0ffe8fe1806280ab400000000000000000000000000000000000000000000000000000000000000000000000000000000000000000000000000000000000000000000000000000000000000000000000000000000000000000000000000000000000000000000000000000000000000000000000000000000000000000078c521e5
2022-05-02 00:35:11: FSK9600: fm KJ7SAT-0 to SPACE-0 UI  pid=F0
2022-05-02 00:35:11: a6a082868a406096946ea682a86103f07b7b7a000146181c0000681bd312360000020000000a03000090020000006400000077001a000000b5000000bc1c250eb00e100e8f0e2d0e310e110012001500ffffc2ffc2ffd8ff38ff1806280aaf00bc1c330eb00e240e870e350e330effff00001600ffffc4ffc5ffb0ffe8fe1806280ab4000000000000000000000000000000000000000000000000000000000000000000000000000000000000000000000000000000000000000000000000000000000000000000000000000000000000000000000000000000000000000000000000000000000000000000000000000000000000000000bcb3162c
2022-05-02 00:35:26: FSK9600: fm KJ7SAT-0 to SPACE-0 UI  pid=F0
2022-05-02 00:35:26: a6a082868a406096946ea682a86103f07b7b7a000146271c0000771bd312360000020000000c03000097020000006400000077001a000000b5000000c01c300eb00e100e8e0e320e310e110012001500ffffcdffc6ffd8ff38ff1806280aaf00be1c340eb00e240e8b0e330e330effff00001600ffffd0ffc9ffb0ffe8fe1806280ab4000000000000000000000000000000000000000000000000000000000000000000000000000000000000000000000000000000000000000000000000000000000000000000000000000000000000000000000000000000000000000000000000000000000000000000000000000000000000000000454e4990
2022-05-02 00:35:41: FSK9600: fm KJ7SAT-0 to SPACE-0 UI  pid=F0
2022-05-02 00:35:41: a6a082868a406096946ea682a86103f07b7b7a000146361c0000861bd312360000020000000f03000098020000006400000077001a000000b5000000be1c320eb00e100e8b0e330e300e110012001500ffff3fffc7ffd8ff38ff1806280aaf00a01c330eb00e240e8b0e150e330effffffff1600ffff33ffc8ffb0ffe8fe1806280ab40000000000000000000000000000000000000000000000000000000000000000000000000000000000000000000000000000000000000000000000000000000000000000000000000000000000000000000000000000000000000000000000000000000000000000000000000000000000000000007d7c6b26
2022-05-02 00:35:46: FSK9600: fm KJ7SAT-0 to SPACE-0 UI  pid=F0
2022-05-02 00:35:46: a6a082868a406096946ea682a86103f07b7b7a0001463b1c00008b1bd312360000020000001003000097020000006400000077001a000000b5000000a41c2f0eb00e100e8d0e170e310e110011001500ffffc1ffc2ffd8ff38ff1806280aaf00bb1c340eb00e240e8a0e310e330effff00001600ffffd0ffc8ffb0ffe8fe1806280ab40000000000000000000000000000000000000000000000000000000000000000000000000000000000000000000000000000000000000000000000000000000000000000000000000000000000000000000000000000000000000000000000000000000000000000000000000000000000000000005213f24b
2022-05-02 00:35:51: FSK9600: fm KJ7SAT-0 to SPACE-0 UI  pid=F0
2022-05-02 00:35:51: a6a082868a406096946ea682a86103f07b7b7a000146401c0000901bd312360000020000001103000097020000006400000077001a000000b5000000a41c2f0eb00e100e8d0e170e310e110011001500ffffc1ffc2ffd8ff38ff1806280aaf00bb1c340eb00e240e8a0e310e330effff00001600ffffd0ffc8ffb0ffe8fe1806280ab40000000000000000000000000000000000000000000000000000000000000000000000000000000000000000000000000000000000000000000000000000000000000000000000000000000000000000000000000000000000000000000000000000000000000000000000000000000000000000005e72f0b8
2022-05-02 00:35:56: FSK9600: fm KJ7SAT-0 to SPACE-0 UI  pid=F0
2022-05-02 00:35:56: a6a082868a406096946ea682a86103f07b7b7a000146451c0000951bd312360000020000001203000094020000006400000077001a000000b5000000c01c300eb00e100e8f0e310e300e110012001500ffffc3ffc5ffd8ff38ff1806280aaf00a21c330eb00e240e890e190e330effff00001600ffffc3ffc5ffb0ffe8fe1806280ab4000000000000000000000000000000000000000000000000000000000000000000000000000000000000000000000000000000000000000000000000000000000000000000000000000000000000000000000000000000000000000000000000000000000000000000000000000000000000000000bebe8b44
2022-05-02 00:36:01: FSK9600: fm KJ7SAT-0 to SPACE-0 UI  pid=F0
2022-05-02 00:36:01: a6a082868a406096946ea682a86103f07b7b7a0001464a1c00009a1bd312360000020000001303000098020000006400000077001a000000b5000000c01c300eb00e100e8f0e310e300e110012001500ffffc3ffc5ffd8ff38ff1806280aaf00a21c330eb00e240e890e190e330effff00001600ffffc3ffc5ffb0ffe8fe1806280ab4000000000000000000000000000000000000000000000000000000000000000000000000000000000000000000000000000000000000000000000000000000000000000000000000000000000000000000000000000000000000000000000000000000000000000000000000000000000000000000ce2137de
2022-05-02 00:36:06: FSK9600: fm KJ7SAT-0 to SPACE-0 UI  pid=F0
2022-05-02 00:36:06: a6a082868a406096946ea682a86103f07b7b7a0001464f1c00009f1bd31236000002000000140300009a020000006400000077001a000000b5000000bd1c320eb00e100e8e0e2f0e310e110012001500ffffcdffc6ffd8ff38ff1806280aaf00b91c330eb00e240e890e300e330effffffff1600ffffd0ffc8ffb0ffe8fe1806280ab400000000000000000000000000000000000000000000000000000000000000000000000000000000000000000000000000000000000000000000000000000000000000000000000000000000000000000000000000000000000000000000000000000000000000000000000000000000000000000022c39764
2022-05-02 00:36:16: FSK9600: fm KJ7SAT-0 to SPACE-0 UI  pid=F0
2022-05-02 00:36:16: a6a082868a406096946ea682a86103f07b7b7a000146591c0000a91bd3123600000200000015030000a5020000006400000077001a000000b5000000c11c300eb00e100e8f0e320e310e110012001500ffffceffc8ffd8ff38ff1806280aaf00c01c350eb00e240e8a0e360e330effff00001600ffffd1ffc9ffb0ffe8fe1806280ab4000000000000000000000000000000000000000000000000000000000000000000000000000000000000000000000000000000000000000000000000000000000000000000000000000000000000000000000000000000000000000000000000000000000000000000000000000000000000000000771e7a81
2022-05-02 00:36:21: FSK9600: fm KJ7SAT-0 to SPACE-0 UI  pid=F0
2022-05-02 00:36:21: a6a082868a406096946ea682a86103f07b7b7a0001465e1c0000ae1bd3123600000200000016030000a7020000006400000077001a000000b5000000c11c300eb00e100e8f0e320e310e110012001500ffffceffc8ffd8ff38ff1806280aaf00c01c350eb00e240e8a0e360e330effff00001600ffffd1ffc9ffb0ffe8fe1806280ab4000000000000000000000000000000000000000000000000000000000000000000000000000000000000000000000000000000000000000000000000000000000000000000000000000000000000000000000000000000000000000000000000000000000000000000000000000000000000000000ab89a627
2022-05-02 00:36:31: FSK9600: fm KJ7SAT-0 to SPACE-0 UI  pid=F0
2022-05-02 00:36:31: a6a082868a406096946ea682a86103f07b7b7a000146681c0000b81bd3123600000200000017030000a6020000006400000077001a000000b5000000bb1c310eb00e100e8e0e2d0e310e110012001500ffffbdffc8ffd8ff38ff1806280aaf00b71c270eb00e240e8b0e2c0e330effff00001600ffff34ffccffb0ffe8fe1806280ab3000000000000000000000000000000000000000000000000000000000000000000000000000000000000000000000000000000000000000000000000000000000000000000000000000000000000000000000000000000000000000000000000000000000000000000000000000000000000000000153e888d
2022-05-02 00:36:41: FSK9600: fm KJ7SAT-0 to SPACE-0 UI  pid=F0
2022-05-02 00:36:41: a6a082868a406096946ea682a86103f07b7b7a000146721c0000c21bd312360000020000001803000096020000006400000077001a000000b5000000c61c240eb00e100e8e0e380e300e110011001500ffffc2ffc6ffd8ff38ff1806280aaf00a21c330eb00e240e8a0e180e330effff00001600ffffd1ffc8ffb0ffe8fe1806280ab3000000000000000000000000000000000000000000000000000000000000000000000000000000000000000000000000000000000000000000000000000000000000000000000000000000000000000000000000000000000000000000000000000000000000000000000000000000000000000000a0aaacf2
2022-05-02 00:36:45: FSK9600: fm KJ7SAT-0 to SPACE-0 UI  pid=F0
2022-05-02 00:36:45: a6a082868a406096946ea682a86103f07b7b7a000146771c0000c71bd312360000020000001903000094020000006400000077001a000000b5000000bb1c300eb00e100e8b0e300e310e110012001500ffff42ffcaffd8ff38ff1806280aaf00c01c280eb00e240e8a0e360e330effff00001600ffffc2ffc8ffb0ffe8fe1806280ab30000000000000000000000000000000000000000000000000000000000000000000000000000000000000000000000000000000000000000000000000000000000000000000000000000000000000000000000000000000000000000000000000000000000000000000000000000000000000000004a435c36
2022-05-02 00:36:51: FSK9600: fm KJ7SAT-0 to SPACE-0 UI  pid=F0
2022-05-02 00:36:51: a6a082868a406096946ea682a86103f07b7b7a0001467c1c0000cc1bd312360000020000001a03000094020000006400000077001a000000b5000000bb1c300eb00e100e8b0e300e310e110012001500ffff42ffcaffd8ff38ff1806280aaf00c01c280eb00e240e8a0e360e330effff00001600ffffc2ffc8ffb0ffe8fe1806280ab3000000000000000000000000000000000000000000000000000000000000000000000000000000000000000000000000000000000000000000000000000000000000000000000000000000000000000000000000000000000000000000000000000000000000000000000000000000000000000000073ee752
2022-05-02 00:36:56: FSK9600: fm KJ7SAT-0 to SPACE-0 UI  pid=F0
2022-05-02 00:36:56: a6a082868a406096946ea682a86103f07b7b7a000146811c0000d11bd312360000020000001b03000098020000006400000077001a000000b5000000bc1c300eb00e100e8d0e2f0e310e110011001500ffffceffc6ffd8ff38ff1806280aaf00c01c310eb00e240e890e370e330effffffff1600ffffd1ffc7ffb0ffe8fe1806280ab3000000000000000000000000000000000000000000000000000000000000000000000000000000000000000000000000000000000000000000000000000000000000000000000000000000000000000000000000000000000000000000000000000000000000000000000000000000000000000000296602e0
2022-05-02 00:37:21: FSK9600: fm KJ7SAT-0 to SPACE-0 UI  pid=F0
2022-05-02 00:37:21: a6a082868a406096946ea682a86103f07b7b7a0001469a1c0000ea1bd312360000020000001d030000a7020000006400000077001a000000b5000000be1c300eb00e100e8e0e300e310e120012001500ffffcdffcbffd8ff38ff1806280aaf00b91c340eb00e240e8a0e2f0e340effff00001600ffffd0ffceffb0ffe8fe1806280ab30000000000000000000000000000000000000000000000000000000000000000000000000000000000000000000000000000000000000000000000000000000000000000000000000000000000000000000000000000000000000000000000000000000000000000000000000000000000000000002693bbfe
2022-05-02 00:37:26: FSK9600: fm KJ7SAT-0 to SPACE-0 UI  pid=F0
2022-05-02 00:37:26: a6a082868a406096946ea682a86103f07b7b7a0001469f1c0000ef1bd312360000020000001e030000a9020000006400000077001a000000b5000000bd1c300eb00e100e8d0e300e310e120012001500ffffc2ffc8ffd8ff38ff1806280aaf00bb1c260eb00e240e8a0e310e320effffffff1600ffffc2ffcaffb0ffe8fe1806280ab2000000000000000000000000000000000000000000000000000000000000000000000000000000000000000000000000000000000000000000000000000000000000000000000000000000000000000000000000000000000000000000000000000000000000000000000000000000000000000000c93030ca
2022-05-02 00:37:31: FSK9600: fm KJ7SAT-0 to SPACE-0 UI  pid=F0
2022-05-02 00:37:31: a6a082868a406096946ea682a86103f07b7b7a000146a41c0000f41bd312360000020000001f030000a7020000006400000077001a000000b5000000bd1c300eb00e100e8d0e300e310e120012001500ffffc2ffc8ffd8ff38ff1806280aaf00bb1c260eb00e240e8a0e310e320effffffff1600ffffc2ffcaffb0ffe8fe1806280ab2000000000000000000000000000000000000000000000000000000000000000000000000000000000000000000000000000000000000000000000000000000000000000000000000000000000000000000000000000000000000000000000000000000000000000000000000000000000000000000eb40f41f
2022-05-02 00:37:41: FSK9600: fm KJ7SAT-0 to SPACE-0 UI  pid=F0
2022-05-02 00:37:41: a6a082868a406096946ea682a86103f07b7b7a000146ae1c0000fe1bd3123600000200000020030000a9020000006400000077001a000000b5000000a91c310eb00e100e8d0e1c0e310e120012001500ffff41ffc8ffd8ff38ff1806280aaf00bb1c340eb00e240e860e350e330effff00001600ffff34ffcbffb0ffe8fe1806280ab20000000000000000000000000000000000000000000000000000000000000000000000000000000000000000000000000000000000000000000000000000000000000000000000000000000000000000000000000000000000000000000000000000000000000000000000000000000000000000005a345f83
2022-05-02 00:37:46: FSK9600: fm KJ7SAT-0 to SPACE-0 UI  pid=F0
2022-05-02 00:37:46: a6a082868a406096946ea682a86103f07b7b7a000146b31c0000031cd3123600000200000021030000a8020000006400000077001a000000b5000000bc1c240eb00e100e8e0e2e0e300e110011001500ffffcfffc5ffd8ff38ff1806280aaf00be1c330eb00e240e8a0e340e320effffffff1600ffffd0ffc7ffb0ffe8fe1806280ab2000000000000000000000000000000000000000000000000000000000000000000000000000000000000000000000000000000000000000000000000000000000000000000000000000000000000000000000000000000000000000000000000000000000000000000000000000000000000000000ac6d9d78
2022-05-02 00:37:51: FSK9600: fm KJ7SAT-0 to SPACE-0 UI  pid=F0
2022-05-02 00:37:51: a6a082868a406096946ea682a86103f07b7b7a000146b81c0000081cd3123600000200000022030000a8020000006400000077001a000000b5000000bc1c240eb00e100e8e0e2e0e300e110011001500ffffcfffc5ffd8ff38ff1806280aaf00be1c330eb00e240e8a0e340e320effffffff1600ffffd0ffc7ffb0ffe8fe1806280ab2000000000000000000000000000000000000000000000000000000000000000000000000000000000000000000000000000000000000000000000000000000000000000000000000000000000000000000000000000000000000000000000000000000000000000000000000000000000000000000e110261c
2022-05-02 00:37:56: FSK9600: fm KJ7SAT-0 to SPACE-0 UI  pid=F0
2022-05-02 00:37:56: a6a082868a406096946ea682a86103f07b7b7a000146bd1c00000d1cd3123600000200000023030000a7020000006400000077001a000000b5000000ac1c310eb00e100e8d0e1f0e300e120012001500ffffc0ffc2ffd8ff38ff1806280aaf00c01c320eb00e240e860e3a0e330effffffff1600ffffc3ffc7ffb0ffe8fe1806280ab2000000000000000000000000000000000000000000000000000000000000000000000000000000000000000000000000000000000000000000000000000000000000000000000000000000000000000000000000000000000000000000000000000000000000000000000000000000000000000000788b22dc
2022-05-02 00:38:06: FSK9600: fm KJ7SAT-0 to SPACE-0 UI  pid=F0
2022-05-02 00:38:06: a6a082868a406096946ea682a86103f07b7b7a000146c71c0000171cd3123600000200000024030000a7020000006400000077001a000000b5000000c01c300eb00e100e8f0e310e310e120012001500ffffcdffc9ffd8ff38ff1806280aaf00bd1c330eb00e240e8a0e330e330effff00001600ffffd1ffc9ffb0ffe8fe1806280ab2000000000000000000000000000000000000000000000000000000000000000000000000000000000000000000000000000000000000000000000000000000000000000000000000000000000000000000000000000000000000000000000000000000000000000000000000000000000000000000f121c934
2022-05-02 00:38:11: FSK9600: fm KJ7SAT-0 to SPACE-0 UI  pid=F0
2022-05-02 00:38:11: a6a082868a406096946ea682a86103f07b7b7a000146cc1c00001c1cd3123600000200000025030000a7020000006400000077001a000000b5000000c01c300eb00e100e8f0e310e310e120012001500ffffcdffc9ffd8ff38ff1806280aaf00bd1c330eb00e240e8a0e330e330effff00001600ffffd1ffc9ffb0ffe8fe1806280ab2000000000000000000000000000000000000000000000000000000000000000000000000000000000000000000000000000000000000000000000000000000000000000000000000000000000000000000000000000000000000000000000000000000000000000000000000000000000000000000f34bda4c
2022-05-02 00:38:16: FSK9600: fm KJ7SAT-0 to SPACE-0 UI  pid=F0
2022-05-02 00:38:16: a6a082868a406096946ea682a86103f07b7b7a000146d11c0000211cd31236000002000000260300009b020000006400000077001a000000b5000000bb1c2e0eb00e100e8d0e2e0e310e120012001500ffffc2ffc8ffd8ff38ff1806280aaf00b91c340eb00e240e860e330e330effffffff1600ffffc4ffc5ffb0ffe8fe1806280ab200000000000000000000000000000000000000000000000000000000000000000000000000000000000000000000000000000000000000000000000000000000000000000000000000000000000000000000000000000000000000000000000000000000000000000000000000000000000000000035a71baa
2022-05-02 00:39:06: FSK9600: fm KJ7SAT-0 to SPACE-0 UI  pid=F0
2022-05-02 00:39:06: a6a082868a406096946ea682a86103f07b7b7a000146031d0000531cd312360000020000002e030000aa020000006400000077001a000000b5000000bc1c320eb00e100e8d0e2f0e300e120012001500ffffceffc8ffd8ff38ff1806280aae00bd1c330eb00e240e890e340e330effffffff1600ffffd0ffcaffb0ffe8fe1806280ab2000000000000000000000000000000000000000000000000000000000000000000000000000000000000000000000000000000000000000000000000000000000000000000000000000000000000000000000000000000000000000000000000000000000000000000000000000000000000000000b95a8421
2022-05-02 00:39:21: FSK9600: fm KJ7SAT-0 to SPACE-0 UI  pid=F0
2022-05-02 00:39:21: a6a082868a406096946ea682a86103f07b7b7a000146121d0000621cd312360000020000002f030000a8020000006400000077001a000000b5000000bd1c310eb00e100e8e0e2f0e300e120012001500ffffceffc8ffd8ff38ff1806280aae00bd1c330eb00e240e890e340e320effffffff1600ffffd1ffcaffb0ffe8fe1806280ab2000000000000000000000000000000000000000000000000000000000000000000000000000000000000000000000000000000000000000000000000000000000000000000000000000000000000000000000000000000000000000000000000000000000000000000000000000000000000000000b9caf428
2022-05-02 00:39:26: FSK9600: fm KJ7SAT-0 to SPACE-0 UI  pid=F0
2022-05-02 00:39:26: a6a082868a406096946ea682a86103f07b7b7a000146171d0000671cd3123600000200000030030000ab020000006400000077001a000000b5000000a81c2f0eb00e100e8d0e1b0e300e120012001500ffffc2ffc7ffd8ff38ff1806280aae009f1c320eb00e240e890e160e330effff00001600ffffc4ffc9ffb0ffe8fe1806280ab2000000000000000000000000000000000000000000000000000000000000000000000000000000000000000000000000000000000000000000000000000000000000000000000000000000000000000000000000000000000000000000000000000000000000000000000000000000000000000000bb15a999
2022-05-02 00:39:31: FSK9600: fm KJ7SAT-0 to SPACE-0 UI  pid=F0
2022-05-02 00:39:31: a6a082868a406096946ea682a86103f07b7b7a0001461c1d00006c1cd3123600000200000031030000a8020000006400000077001a000000b5000000a81c2f0eb00e100e8d0e1b0e300e120012001500ffffc2ffc7ffd8ff38ff1806280aae009f1c320eb00e240e890e160e330effff00001600ffffc4ffc9ffb0ffe8fe1806280ab20000000000000000000000000000000000000000000000000000000000000000000000000000000000000000000000000000000000000000000000000000000000000000000000000000000000000000000000000000000000000000000000000000000000000000000000000000000000000000008ea17820
2022-05-02 00:39:36: FSK9600: fm KJ7SAT-0 to SPACE-0 UI  pid=F0
2022-05-02 00:39:36: a6a082868a406096946ea682a86103f07b7b7a000146211d0000711cd3123600000200000032030000a6020000006400000077001a000000b5000000c11c240eb00e100e8e0e330e300e120012001500ffff3fffcaffd8ff38ff1806280aae00bc1c310eb00e240e890e330e330effffffff1600ffffc2ffc9ffb0ffe8fe1806280ab2000000000000000000000000000000000000000000000000000000000000000000000000000000000000000000000000000000000000000000000000000000000000000000000000000000000000000000000000000000000000000000000000000000000000000000000000000000000000000000ca14cb23
2022-05-02 00:39:41: FSK9600: fm KJ7SAT-0 to SPACE-0 UI  pid=F0
2022-05-02 00:39:41: a6a082868a406096946ea682a86103f07b7b7a000146261d0000761cd31236000002000000330300009b020000006400000077001a000000b5000000c11c240eb00e100e8e0e330e300e120012001500ffff3fffcaffd8ff38ff1806280aae00bc1c310eb00e240e890e330e330effffffff1600ffffc2ffc9ffb0ffe8fe1806280ab20000000000000000000000000000000000000000000000000000000000000000000000000000000000000000000000000000000000000000000000000000000000000000000000000000000000000000000000000000000000000000000000000000000000000000000000000000000000000000008be5a243
2022-05-02 00:40:01: FSK9600: fm KJ7SAT-0 to SPACE-0 UI  pid=F0
2022-05-02 00:40:01: a6a082868a406096946ea682a86103f07b7b7a0001463a1d00008a1cd312360000020000003503000091020000006400000077001a000000b5000000bc1c300eb00e100e8d0e2f0e300e120012001500ffffceffc6ffd8ff38ff1806280aae00b91c340eb00e240e890e300e320effffffff1600ffffd1ffc8ffb0ffe8fe1806280ab1000000000000000000000000000000000000000000000000000000000000000000000000000000000000000000000000000000000000000000000000000000000000000000000000000000000000000000000000000000000000000000000000000000000000000000000000000000000000000000d3a5aee2
2022-05-02 00:40:26: FSK9600: fm KJ7SAT-0 to SPACE-0 UI  pid=F0
2022-05-02 00:40:26: a6a082868a406096946ea682a86103f07b7b7a000146531d0000a31cd3123600000200000036030000a8020000006400000077001a000000b5000000c21c310eb00e100e8d0e350e310e120012001500ffffccffccffd8ff38ff1806280aad00b91c330eb00e240e890e300e330effffffff1600ffffd0ffd0ffb0ffe8fe1806280ab100000000000000000000000000000000000000000000000000000000000000000000000000000000000000000000000000000000000000000000000000000000000000000000000000000000000000000000000000000000000000000000000000000000000000000000000000000000000000000018b6591b
2022-05-02 00:40:36: FSK9600: fm KJ7SAT-0 to SPACE-0 UI  pid=F0
2022-05-02 00:40:36: a6a082868a406096946ea682a86103f07b7b7a0001465d1d0000ad1cd3123600000200000037030000ac020000006400000077001a000000b5000000bc1c320eb00e100e8d0e2f0e310e120012001500ffffceffccffd8ff38ff1806280aad00b71c320eb00e240e890e2e0e330effff00001600ffffd1ffcdffb0ffe8fe1806280ab10000000000000000000000000000000000000000000000000000000000000000000000000000000000000000000000000000000000000000000000000000000000000000000000000000000000000000000000000000000000000000000000000000000000000000000000000000000000000000007126bc8c
2022-05-02 00:40:41: FSK9600: fm KJ7SAT-0 to SPACE-0 UI  pid=F0
2022-05-02 00:40:41: a6a082868a406096946ea682a86103f07b7b7a000146621d0000b21cd3123600000200000038030000a6020000006400000077001a000000b5000000bc1c320eb00e100e8d0e2f0e310e120012001500ffffceffccffd8ff38ff1806280aad00b71c320eb00e240e890e2e0e330effff00001600ffffd1ffcdffb0ffe8fe1806280ab100000000000000000000000000000000000000000000000000000000000000000000000000000000000000000000000000000000000000000000000000000000000000000000000000000000000000000000000000000000000000000000000000000000000000000000000000000000000000000058603e32
2022-05-02 00:40:46: FSK9600: fm KJ7SAT-0 to SPACE-0 UI  pid=F0
2022-05-02 00:40:46: a6a082868a406096946ea682a86103f07b7b7a000146671d0000b71cd3123600000200000039030000a9020000006400000077001a000000b5000000c21c2f0eb00e100e8a0e380e300e120012001500ffff3fffc5ffd8ff38ff1806280aad00b91c330eb00e240e880e310e330effff00001600ffffc2ffcbffb0ffe8fe1806280ab100000000000000000000000000000000000000000000000000000000000000000000000000000000000000000000000000000000000000000000000000000000000000000000000000000000000000000000000000000000000000000000000000000000000000000000000000000000000000000038b47b27
2022-05-02 00:41:01: FSK9600: fm KJ7SAT-0 to SPACE-0 UI  pid=F0
2022-05-02 00:41:01: a6a082868a406096946ea682a86103f07b7b7a000146761d0000c61cd312360000020000003b030000a9020000006400000077001a000000b5000000be1c320eb00e100e8d0e310e300e120012001500ffffcdffc9ffd8ff38ff1806280aad00bc1c330eb00e240e890e330e330effffffff1600ffffd0ffcaffb0ffe8fe1806280ab10000000000000000000000000000000000000000000000000000000000000000000000000000000000000000000000000000000000000000000000000000000000000000000000000000000000000000000000000000000000000000000000000000000000000000000000000000000000000000002d69e7ee
2022-05-02 00:41:16: FSK9600: fm KJ7SAT-0 to SPACE-0 UI  pid=F0
2022-05-02 00:41:16: a6a082868a406096946ea682a86103f07b7b7a000146851d0000d51cd312360000020000003e030000a9020000006400000077001a000000b5000000bc1c300eb00e100e8c0e300e300e120012001500ffffcdffc8ffd8ff38ff1806280aad00b91c270eb00e240e880e310e330effff00001600ffff32ffc8ffb0ffe8fe1806280ab1000000000000000000000000000000000000000000000000000000000000000000000000000000000000000000000000000000000000000000000000000000000000000000000000000000000000000000000000000000000000000000000000000000000000000000000000000000000000000000e0535f4f
2022-05-02 00:41:21: FSK9600: fm KJ7SAT-0 to SPACE-0 UI  pid=F0
2022-05-02 00:41:21: a6a082868a406096946ea682a86103f07b7b7a0001468a1d0000da1cd312360000020000003f030000a9020000006400000077001a000000b5000000bc1c300eb00e100e8c0e300e300e120012001500ffffcdffc8ffd8ff38ff1806280aad00b91c270eb00e240e880e310e330effff00001600ffff32ffc8ffb0ffe8fe1806280ab1000000000000000000000000000000000000000000000000000000000000000000000000000000000000000000000000000000000000000000000000000000000000000000000000000000000000000000000000000000000000000000000000000000000000000000000000000000000000000000ceb80a64
2022-05-02 00:41:26: FSK9600: fm KJ7SAT-0 to SPACE-0 UI  pid=F0
2022-05-02 00:41:26: a6a082868a406096946ea682a86103f07b7b7a0001468f1d0000df1cd3123600000200000040030000a9020000006400000077001a000000b5000000c01c250eb00e100e8c0e340e300e120012001500ffffc2ffc4ffd8ff38ff1806280aad00bc1c330eb00e240e850e370e330effff00001600ffffc4ffc5ffb0ffe8fe1806280ab1000000000000000000000000000000000000000000000000000000000000000000000000000000000000000000000000000000000000000000000000000000000000000000000000000000000000000000000000000000000000000000000000000000000000000000000000000000000000000000c49c8730
2022-05-02 00:41:31: FSK9600: fm KJ7SAT-0 to SPACE-0 UI  pid=F0
2022-05-02 00:41:31: a6a082868a406096946ea682a86103f07b7b7a000146941d0000e41cd3123600000200000041030000a9020000006400000077001a000000b5000000c01c250eb00e100e8c0e340e300e120012001500ffffc2ffc4ffd8ff38ff1806280aad00bc1c330eb00e240e850e370e330effff00001600ffffc4ffc5ffb0ffe8fe1806280ab1000000000000000000000000000000000000000000000000000000000000000000000000000000000000000000000000000000000000000000000000000000000000000000000000000000000000000000000000000000000000000000000000000000000000000000000000000000000000000000fef2a194
2022-05-02 00:41:51: FSK9600: fm KJ7SAT-0 to SPACE-0 UI  pid=F0
2022-05-02 00:41:51: a6a082868a406096946ea682a86103f07b7b7a000146a81d0000f81cd3123600000200000044030000a9020000006400000077001a000000b5000000b91c240eb00e100e8c0e2d0e2f0e120012001500ffffc1ffc2ffd8ff38ff1806280aac00b91c320eb00e240e850e340e320effffffff1600ffffd2ffc3ffb0ffe8fe1806280ab1000000000000000000000000000000000000000000000000000000000000000000000000000000000000000000000000000000000000000000000000000000000000000000000000000000000000000000000000000000000000000000000000000000000000000000000000000000000000000000fd899d67
2022-05-02 00:42:06: FSK9600: fm KJ7SAT-0 to SPACE-0 UI  pid=F0
2022-05-02 00:42:06: a6a082868a406096946ea682a86103f07b7b7a000146b71d0000071dd312360000020000004703000096020000006400000077001a000000b5000000b61c300eb00e100e8c0e2a0e300e120012001500ffffceffc5ffd8ff38ff1806280aac00b91c310eb00e240e890e300e320effff00001600ffffd1ffcaffb0ffe8fe1806280ab1000000000000000000000000000000000000000000000000000000000000000000000000000000000000000000000000000000000000000000000000000000000000000000000000000000000000000000000000000000000000000000000000000000000000000000000000000000000000000000566f769c
2022-05-02 00:42:21: FSK9600: fm KJ7SAT-0 to SPACE-0 UI  pid=F0
2022-05-02 00:42:21: a6a082868a406096946ea682a86103f07b7b7a000146c61d0000161dd3123600000200000049030000a8020000006400000077001a000000b5000000be1c2f0eb00e100e8d0e310e2f0e120012001500ffffcfffc7ffd8ff38ff1806280aac00c11c320eb00e240e880e390e320effffffff1600ffffd3ffc8ffb0ffe8fe1806280ab100000000000000000000000000000000000000000000000000000000000000000000000000000000000000000000000000000000000000000000000000000000000000000000000000000000000000000000000000000000000000000000000000000000000000000000000000000000000000000064c58f4e
2022-05-02 00:42:26: FSK9600: fm KJ7SAT-0 to SPACE-0 UI  pid=F0
2022-05-02 00:42:26: a6a082868a406096946ea682a86103f07b7b7a000146cb1d00001b1dd312360000020000004a0300009b020000006400000077001a000000b5000000b41c310eb00e100e8d0e270e300e120012001500ffffccffc8ffd8ff38ff1806280aac00bb1c330eb00e240e850e360e320effff00001600ffff34ffc5ffb0ffe8fe1806280ab1000000000000000000000000000000000000000000000000000000000000000000000000000000000000000000000000000000000000000000000000000000000000000000000000000000000000000000000000000000000000000000000000000000000000000000000000000000000000000000f1190a9b
2022-05-02 00:43:06: FSK9600: fm KJ7SAT-0 to SPACE-0 UI  pid=F0
2022-05-02 00:43:06: a6a082868a406096946ea682a86103f07b7b7a000146f31d0000431dd3123600000200000050030000aa020000006400000077001a000000b5000000a91c300eb00e100e8b0e1e0e300e120012001500ffffc0ffc4ffd8ff38ff1806280aac00b41c320eb00e240e880e2c0e320effffffff1600ffffc4ffcaffb0ffe8fe1806280ab0000000000000000000000000000000000000000000000000000000000000000000000000000000000000000000000000000000000000000000000000000000000000000000000000000000000000000000000000000000000000000000000000000000000000000000000000000000000000000000a1159d89
2022-05-02 00:43:26: FSK9600: fm KJ7SAT-0 to SPACE-0 UI  pid=F0
2022-05-02 00:43:26: a6a082868a406096946ea682a86103f07b7b7a000146071e0000571dd3123600000200000052030000aa020000006400000077001a000000b5000000b91c310eb00e100e8b0e2e0e300e120012001500ffffceffc9ffd8ff38ff1806280aac00bb1c320eb00e240e880e330e320effffffff1600ffffceffcbffb0ffe8fe1806280ab000000000000000000000000000000000000000000000000000000000000000000000000000000000000000000000000000000000000000000000000000000000000000000000000000000000000000000000000000000000000000000000000000000000000000000000000000000000000000000040631fd9
2022-05-02 00:43:31: FSK9600: fm KJ7SAT-0 to SPACE-0 UI  pid=F0
2022-05-02 00:43:31: a6a082868a406096946ea682a86103f07b7b7a0001460c1e00005c1dd3123600000200000053030000ac020000006400000077001a000000b5000000b91c310eb00e100e8b0e2e0e300e120012001500ffffceffc9ffd8ff38ff1806280aac00bb1c320eb00e240e880e330e320effffffff1600ffffceffcbffb0ffe8fe1806280ab00000000000000000000000000000000000000000000000000000000000000000000000000000000000000000000000000000000000000000000000000000000000000000000000000000000000000000000000000000000000000000000000000000000000000000000000000000000000000000006db3f8f9
2022-05-02 00:43:36: FSK9600: fm KJ7SAT-0 to SPACE-0 UI  pid=F0
2022-05-02 00:43:36: a6a082868a406096946ea682a86103f07b7b7a000146111e0000611dd3123600000200000054030000aa020000006400000077001a000000b5000000bc1c240eb00e100e8c0e300e300e120012001500ffff42ffc8ffd8ff38ff1806280aac00a21c330eb00e240e870e1b0e320effffffff1600ffff35ffc6ffb0ffe8fe1806280ab00000000000000000000000000000000000000000000000000000000000000000000000000000000000000000000000000000000000000000000000000000000000000000000000000000000000000000000000000000000000000000000000000000000000000000000000000000000000000000007b6039a9
2022-05-02 00:43:56: FSK9600: fm KJ7SAT-0 to SPACE-0 UI  pid=F0
2022-05-02 00:43:56: a6a082868a406096946ea682a86103f07b7b7a000146251e0000751dd3123600000200000056030000ac020000006400000077001a000000b5000000bd1c310eb00e100e8b0e320e300e120012001500ffffceffc9ffd8ff38ff1806280aac00b81c330eb00e240e880e300e320effffffff1600ffffd2ffccffb0ffe8fe1806280aaf000000000000000000000000000000000000000000000000000000000000000000000000000000000000000000000000000000000000000000000000000000000000000000000000000000000000000000000000000000000000000000000000000000000000000000000000000000000000000000b4bafb54
2022-05-02 00:44:01: FSK9600: fm KJ7SAT-0 to SPACE-0 UI  pid=F0
2022-05-02 00:44:01: a6a082868a406096946ea682a86103f07b7b7a0001462a1e00007a1dd3123600000200000057030000ab020000006400000077001a000000b5000000bd1c310eb00e100e8b0e320e300e120012001500ffffceffc9ffd8ff38ff1806280aac00b81c330eb00e240e880e300e320effffffff1600ffffd2ffccffb0ffe8fe1806280aaf000000000000000000000000000000000000000000000000000000000000000000000000000000000000000000000000000000000000000000000000000000000000000000000000000000000000000000000000000000000000000000000000000000000000000000000000000000000000000000675c34d1
2022-05-02 00:44:06: FSK9600: fm KJ7SAT-0 to SPACE-0 UI  pid=F0
2022-05-02 00:44:06: a6a082868a406096946ea682a86103f07b7b7a0001462f1e00007f1dd3123600000200000058030000ac020000006400000077001a000000b5000000bc1c2f0eb00e100e8a0e320e2f0e120012001500ffffcfffc4ffd8ff38ff1806280aac00b91c330eb00e240e880e310e330effffffff1600ffffd0ffceffb0ffe8fe1806280aaf00000000000000000000000000000000000000000000000000000000000000000000000000000000000000000000000000000000000000000000000000000000000000000000000000000000000000000000000000000000000000000000000000000000000000000000000000000000000000000032014ab4
2022-05-02 00:44:11: FSK9600: fm KJ7SAT-0 to SPACE-0 UI  pid=F0
2022-05-02 00:44:11: a6a082868a406096946ea682a86103f07b7b7a000146341e0000841dd3123600000200000059030000ad020000006400000077001a000000b5000000bc1c2f0eb00e100e8a0e320e2f0e120012001500ffffcfffc4ffd8ff38ff1806280aac00b91c330eb00e240e880e310e330effffffff1600ffffd0ffceffb0ffe8fe1806280aaf0000000000000000000000000000000000000000000000000000000000000000000000000000000000000000000000000000000000000000000000000000000000000000000000000000000000000000000000000000000000000000000000000000000000000000000000000000000000000000002dc8b780
2022-05-02 00:44:16: FSK9600: fm KJ7SAT-0 to SPACE-0 UI  pid=F0
2022-05-02 00:44:16: a6a082868a406096946ea682a86103f07b7b7a000146391e0000891dd312360000020000005a030000ac020000006400000077001a000000b5000000a01c300eb00e100e8b0e150e300e120012001500ffffc2ffc4ffd8ff38ff1806280aac00b61c320eb00e240e860e300e320effff00001600ffffc3ffc9ffb0ffe8fe1806280aaf000000000000000000000000000000000000000000000000000000000000000000000000000000000000000000000000000000000000000000000000000000000000000000000000000000000000000000000000000000000000000000000000000000000000000000000000000000000000000000567edf27
2022-05-02 00:44:26: FSK9600: fm KJ7SAT-0 to SPACE-0 UI  pid=F0
2022-05-02 00:44:26: a6a082868a406096946ea682a86103f07b7b7a000146431e0000931dd312360000020000005b030000ad020000006400000077001a000000b5000000b81c310eb00e100e8b0e2d0e2f0e120012001500ffffcfffc6ffd8ff38ff1806280aac00b91c330eb00e240e880e310e330effffffff1600ffffcfffcaffb0ffe8fe1806280aaf000000000000000000000000000000000000000000000000000000000000000000000000000000000000000000000000000000000000000000000000000000000000000000000000000000000000000000000000000000000000000000000000000000000000000000000000000000000000000000b72b637b
2022-05-02 00:44:31: FSK9600: fm KJ7SAT-0 to SPACE-0 UI  pid=F0
2022-05-02 00:44:31: a6a082868a406096946ea682a86103f07b7b7a000146481e0000981dd312360000020000005c030000ac020000006400000077001a000000b5000000b81c310eb00e100e8b0e2d0e2f0e120012001500ffffcfffc6ffd8ff38ff1806280aac00b91c330eb00e240e880e310e330effffffff1600ffffcfffcaffb0ffe8fe1806280aaf000000000000000000000000000000000000000000000000000000000000000000000000000000000000000000000000000000000000000000000000000000000000000000000000000000000000000000000000000000000000000000000000000000000000000000000000000000000000000000b6cfe6d0
2022-05-02 00:44:36: FSK9600: fm KJ7SAT-0 to SPACE-0 UI  pid=F0
2022-05-02 00:44:36: a6a082868a406096946ea682a86103f07b7b7a0001464d1e00009d1dd312360000020000005d030000ab020000006400000077001a000000b5000000a21c2f0eb00e100e8b0e170e300e120012001500ffffc2ffc3ffd8ff38ff1806280aac00b21c310eb00e240e870e2b0e330effff00001600ffffd0ffcaffb0ffe8fe1806280aaf000000000000000000000000000000000000000000000000000000000000000000000000000000000000000000000000000000000000000000000000000000000000000000000000000000000000000000000000000000000000000000000000000000000000000000000000000000000000000000bb588da6
2022-05-02 00:44:41: FSK9600: fm KJ7SAT-0 to SPACE-0 UI  pid=F0
2022-05-02 00:44:41: a6a082868a406096946ea682a86103f07b7b7a000146521e0000a21dd312360000020000005e030000ac020000006400000077001a000000b5000000a21c2f0eb00e100e8b0e170e300e120012001500ffffc2ffc3ffd8ff38ff1806280aac00b21c310eb00e240e870e2b0e330effff00001600ffffd0ffcaffb0ffe8fe1806280aaf0000000000000000000000000000000000000000000000000000000000000000000000000000000000000000000000000000000000000000000000000000000000000000000000000000000000000000000000000000000000000000000000000000000000000000000000000000000000000000001faddfe3
2022-05-02 00:44:51: FSK9600: fm KJ7SAT-0 to SPACE-0 UI  pid=F0
2022-05-02 00:44:51: a6a082868a406096946ea682a86103f07b7b7a0001465c1e0000ac1dd312360000020000005f030000af020000006400000077001a000000b5000000bc1c230eb00e100e8b0e310e2f0e120012001500ffff3effc8ffd8ff38ff1806280aac00b11c250eb00e240e870e2a0e320effffffff1600ffffc7ffc5ffb0ffe8fe1806280aaf0000000000000000000000000000000000000000000000000000000000000000000000000000000000000000000000000000000000000000000000000000000000000000000000000000000000000000000000000000000000000000000000000000000000000000000000000000000000000000006bbedd85
2022-05-02 00:45:01: FSK9600: fm KJ7SAT-0 to SPACE-0 UI  pid=F0
2022-05-02 00:45:01: a6a082868a406096946ea682a86103f07b7b7a000146661e0000b61dd3123600000200000060030000ae020000006400000077001a000000b5000000bc1c2e0eb00e100e8b0e310e2f0e120012001500ffffcdffc7ffd8ff38ff1806280aac00be1c300eb00e240e840e3a0e320effff00001600ffffd2ffc7ffb0ffe8fe1806280aaf000000000000000000000000000000000000000000000000000000000000000000000000000000000000000000000000000000000000000000000000000000000000000000000000000000000000000000000000000000000000000000000000000000000000000000000000000000000000000000ff5239f1
2022-05-02 00:45:21: FSK9600: fm KJ7SAT-0 to SPACE-0 UI  pid=F0
2022-05-02 00:45:21: a6a082868a406096946ea682a86103f07b7b7a0001467a1e0000ca1dd3123600000200000061030000ad020000006400000077001a000000b5000000b81c2f0eb00e100e8c0e2c0e2f0e120012001500ffffceffcbffd8ff38ff1806280aac00b41c320eb00e240e870e2d0e320effffffff1600ffffd2ffcdffb0ffe8fe1806280aae0000000000000000000000000000000000000000000000000000000000000000000000000000000000000000000000000000000000000000000000000000000000000000000000000000000000000000000000000000000000000000000000000000000000000000000000000000000000000000000a7d3eb4
2022-05-02 00:45:26: FSK9600: fm KJ7SAT-0 to SPACE-0 UI  pid=F0
2022-05-02 00:45:26: a6a082868a406096946ea682a86103f07b7b7a0001467f1e0000cf1dd3123600000200000062030000ae020000006400000077001a000000b5000000bb1c240eb00e100e8b0e300e2f0e120012001500ffffc1ffc8ffd8ff38ff1806280aac00b71c280eb00e240e870e300e310effff00001600ffffc4ffcaffb0ffe8fe1806280aae000000000000000000000000000000000000000000000000000000000000000000000000000000000000000000000000000000000000000000000000000000000000000000000000000000000000000000000000000000000000000000000000000000000000000000000000000000000000000000033472b7
2022-05-02 00:45:31: FSK9600: fm KJ7SAT-0 to SPACE-0 UI  pid=F0
2022-05-02 00:45:31: a6a082868a406096946ea682a86103f07b7b7a000146841e0000d41dd3123600000200000063030000ab020000006400000077001a000000b5000000bb1c240eb00e100e8b0e300e2f0e120012001500ffffc1ffc8ffd8ff38ff1806280aac00b71c280eb00e240e870e300e310effff00001600ffffc4ffcaffb0ffe8fe1806280aae0000000000000000000000000000000000000000000000000000000000000000000000000000000000000000000000000000000000000000000000000000000000000000000000000000000000000000000000000000000000000000000000000000000000000000000000000000000000000000007c2e3147
2022-05-02 00:45:36: FSK9600: fm KJ7SAT-0 to SPACE-0 UI  pid=F0
2022-05-02 00:45:36: a6a082868a406096946ea682a86103f07b7b7a000146891e0000d91dd3123600000200000064030000ac020000006400000077001a000000b5000000bc1c2f0eb00e100e8b0e310e2f0e120012001500ffff3effc8ffd8ff38ff1806280aac00bc1c330eb00e240e840e380e320effff00001600ffff32ffcdffb0ffe8fe1806280aae000000000000000000000000000000000000000000000000000000000000000000000000000000000000000000000000000000000000000000000000000000000000000000000000000000000000000000000000000000000000000000000000000000000000000000000000000000000000000000ee5fe2c5
2022-05-02 00:45:51: FSK9600: fm KJ7SAT-0 to SPACE-0 UI  pid=F0
2022-05-02 00:45:51: a6a082868a406096946ea682a86103f07b7b7a000146981e0000e81dd3123600000200000065030000a5020000006400000077001a000000b5000000b91c310eb00e100e8b0e2e0e2f0e120012001500ffffccffc6ffd8ff38ff1806280aac00b91c340eb00e240e870e320e320effffffff1600ffffd0ffcaffb0ffe8fe1806280aae0000000000000000000000000000000000000000000000000000000000000000000000000000000000000000000000000000000000000000000000000000000000000000000000000000000000000000000000000000000000000000000000000000000000000000000000000000000000000000006e0727c8
2022-05-02 00:46:01: FSK9600: fm KJ7SAT-0 to SPACE-0 UI  pid=F0
2022-05-02 00:46:01: a6a082868a406096946ea682a86103f07b7b7a000146a21e0000f21dd312360000020000006603000091020000006400000077001a000000b5000000c11c2f0eb00e100e880e390e2f0e120012001500ffffc2ffc6ffd8ff38ff1806280aac00b91c310eb00e240e840e350e330effff00001600ffffc4ffc9ffb0ffe8fe1806280aae00000000000000000000000000000000000000000000000000000000000000000000000000000000000000000000000000000000000000000000000000000000000000000000000000000000000000000000000000000000000000000000000000000000000000000000000000000000000000000046e39f1d
2022-05-02 00:46:06: FSK9600: fm KJ7SAT-0 to SPACE-0 UI  pid=F0
2022-05-02 00:46:06: a6a082868a406096946ea682a86103f07b7b7a000146a71e0000f71dd312360000020000006703000097020000006400000077001a000000b5000000a71c2e0eb00e100e8b0e1c0e300e120012001500ffffc2ffc5ffd8ff38ff1806280aac00b41c320eb00e240e870e2d0e320effff00001600ffffd0ffcdffb0ffe8fe1806280aae000000000000000000000000000000000000000000000000000000000000000000000000000000000000000000000000000000000000000000000000000000000000000000000000000000000000000000000000000000000000000000000000000000000000000000000000000000000000000000764aefc2
2022-05-02 00:47:01: FSK9600: fm KJ7SAT-0 to SPACE-0 UI  pid=F0
2022-05-02 00:47:01: a6a082868a406096946ea682a86103f07b7b7a000146de1e00002e1ed312360000020000006d0300008c020000006400000077001a000000b5000000bb1c310eb00e100e8b0e300e300e120012001500ffffceffccffd8ff38ff1806280aab00b91c310eb00e240e870e320e320effffffff1600ffffd2ffcdffb0ffe8fe1806280aae000000000000000000000000000000000000000000000000000000000000000000000000000000000000000000000000000000000000000000000000000000000000000000000000000000000000000000000000000000000000000000000000000000000000000000000000000000000000000000955d4628
2022-05-02 00:47:06: FSK9600: fm KJ7SAT-0 to SPACE-0 UI  pid=F0
2022-05-02 00:47:06: a6a082868a406096946ea682a86103f07b7b7a000146e31e0000331ed312360000020000006e03000090020000006400000077001a000000b5000000b81c2f0eb00e100e870e310e300e120012001500ffff3fffc8ffd8ff38ff1806280aab009e1c320eb00e240e850e190e320effffffff1600ffffc3ffc7ffb0ffe8fe1806280aae000000000000000000000000000000000000000000000000000000000000000000000000000000000000000000000000000000000000000000000000000000000000000000000000000000000000000000000000000000000000000000000000000000000000000000000000000000000000000000e24623a9
2022-05-02 00:47:16: FSK9600: fm KJ7SAT-0 to SPACE-0 UI  pid=F0
2022-05-02 00:47:16: a6a082868a406096946ea682a86103f07b7b7a000146ed1e00003d1ed312360000020000007003000094020000006400000077001a000000b5000000af1c300eb00e100e8a0e250e2f0e120012001500ffffceffc7ffd8ff38ff1806280aab00b71c330eb00e240e860e310e320effff00001600ffffd1ffc8ffb0ffe8fe1806280aae00000000000000000000000000000000000000000000000000000000000000000000000000000000000000000000000000000000000000000000000000000000000000000000000000000000000000000000000000000000000000000000000000000000000000000000000000000000000000000051538f89
2022-05-02 00:49:46: FSK9600: fm KJ7SAT-0 to SPACE-0 UI  pid=F0
2022-05-02 00:49:46: a6a082868a406096946ea682a86103f07b7b7a000146831f0000d31ed31236000002000000780300008f020000006400000077001a000000b5000000b71c300eb00e100e8a0e2d0e300e120012001500ffffceffcdffd8ff38ff1806280aa900b41c320eb00e240e860e2e0e330effff00001600ffffd2ffd0ffb0ffe8fe1806280aad0000000000000000000000000000000000000000000000000000000000000000000000000000000000000000000000000000000000000000000000000000000000000000000000000000000000000000000000000000000000000000000000000000000000000000000000000000000000000000006cb71003
2022-05-02 00:49:56: FSK9600: fm KJ7SAT-0 to SPACE-0 UI  pid=F0
2022-05-02 00:49:56: a6a082868a406096946ea682a86103f07b7b7a0001468d1f0000dd1ed312360000020000007903000093020000006400000077001a000000b5000000b81c2f0eb00e100e8a0e2e0e2f0e120012001500ffffcdffccffd8ff38ff1806280aa900b61c320eb00e240e860e300e320effff00001600ffffd1ffceffb0ffe8fe1806280aad000000000000000000000000000000000000000000000000000000000000000000000000000000000000000000000000000000000000000000000000000000000000000000000000000000000000000000000000000000000000000000000000000000000000000000000000000000000000000000737e7126
2022-05-02 00:50:01: FSK9600: fm KJ7SAT-0 to SPACE-0 UI  pid=F0
2022-05-02 00:50:01: a6a082868a406096946ea682a86103f07b7b7a000146921f0000e21ed312360000020000007a03000095020000006400000077001a000000b5000000b81c2f0eb00e100e8a0e2e0e2f0e120012001500ffffcdffccffd8ff38ff1806280aa900b61c320eb00e240e860e300e320effff00001600ffffd1ffceffb0ffe8fe1806280aad000000000000000000000000000000000000000000000000000000000000000000000000000000000000000000000000000000000000000000000000000000000000000000000000000000000000000000000000000000000000000000000000000000000000000000000000000000000000000000053c4d95
2022-05-02 00:50:16: FSK9600: fm KJ7SAT-0 to SPACE-0 UI  pid=F0
2022-05-02 00:50:16: a6a082868a406096946ea682a86103f07b7b7a000146a11f0000f11ed312360000020000007b03000094020000006400000077001a000000b5000000bd1c2e0eb00e100e8a0e330e2f0e120012001500ffffceffccffd8ff38ff1806280aa900b41c320eb00e240e860e2e0e320effff00001600ffffd1ffcdffb0ffe8fe1806280aad000000000000000000000000000000000000000000000000000000000000000000000000000000000000000000000000000000000000000000000000000000000000000000000000000000000000000000000000000000000000000000000000000000000000000000000000000000000000000000337a5509
2022-05-02 00:50:21: FSK9600: fm KJ7SAT-0 to SPACE-0 UI  pid=F0
2022-05-02 00:50:21: a6a082868a406096946ea682a86103f07b7b7a000146a61f0000f61ed312360000020000007c030000a5020000006400000077001a000000b5000000bd1c2e0eb00e100e8a0e330e2f0e120012001500ffffceffccffd8ff38ff1806280aa900b41c320eb00e240e860e2e0e320effff00001600ffffd1ffcdffb0ffe8fe1806280aad000000000000000000000000000000000000000000000000000000000000000000000000000000000000000000000000000000000000000000000000000000000000000000000000000000000000000000000000000000000000000000000000000000000000000000000000000000000000000000fdc62dfd
2022-05-02 00:50:41: FSK9600: fm KJ7SAT-0 to SPACE-0 UI  pid=F0
2022-05-02 00:50:41: a6a082868a406096946ea682a86103f07b7b7a000146ba1f00000a1fd312360000020000007e03000096020000006400000077001a000000b5000000bd1c2f0eb00e100e890e340e2f0e120012001500ffffcdffc8ffd8ff38ff1806280aa900b91c330eb00e240e850e340e320effffffff1600ffffd1ffc9ffb0ffe8fe1806280aac00000000000000000000000000000000000000000000000000000000000000000000000000000000000000000000000000000000000000000000000000000000000000000000000000000000000000000000000000000000000000000000000000000000000000000000000000000000000000000079addd85
2022-05-02 00:50:46: FSK9600: fm KJ7SAT-0 to SPACE-0 UI  pid=F0
2022-05-02 00:50:46: a6a082868a406096946ea682a86103f07b7b7a000146bf1f00000f1fd312360000020000007f0300008f020000006400000077001a000000b5000000b71c2f0eb00e100e870e300e2f0e120012001500ffff3effcbffd8ff38ff1806280aa900b61c320eb00e240e850e310e320effff00001600ffffc3ffcdffb0ffe8fe1806280aac000000000000000000000000000000000000000000000000000000000000000000000000000000000000000000000000000000000000000000000000000000000000000000000000000000000000000000000000000000000000000000000000000000000000000000000000000000000000000000f424b0a4
2022-05-02 00:51:06: FSK9600: fm KJ7SAT-0 to SPACE-0 UI  pid=F0
2022-05-02 00:51:06: a6a082868a406096946ea682a86103f07b7b7a000146d31f0000231fd312360000020000008003000091020000006400000077001a000000b5000000bd1c300eb00e100e8a0e330e2f0e120012001500ffffceffcbffd8ff38ff1806280aa900b41c330eb00e240e850e2f0e320effff00001600ffffd1ffcfffb0ffe8fe1806280aac00000000000000000000000000000000000000000000000000000000000000000000000000000000000000000000000000000000000000000000000000000000000000000000000000000000000000000000000000000000000000000000000000000000000000000000000000000000000000000064495fd2
2022-05-02 00:51:21: FSK9600: fm KJ7SAT-0 to SPACE-0 UI  pid=F0
2022-05-02 00:51:21: a6a082868a406096946ea682a86103f07b7b7a000146e21f0000321fd312360000020000008103000091020000006400000077001a000000b5000000b61c2f0eb00e100e8a0e2c0e2f0e120012001500ffffcbffcbffd8ff38ff1806280aa900b71c330eb00e240e850e320e320effff00001600ffffd1ffccffb0ffe8fe1806280aac000000000000000000000000000000000000000000000000000000000000000000000000000000000000000000000000000000000000000000000000000000000000000000000000000000000000000000000000000000000000000000000000000000000000000000000000000000000000000000c243df66
2022-05-02 00:53:06: FSK9600: fm KJ7SAT-0 to SPACE-0 UI  pid=F0
2022-05-02 00:53:06: a6a082868a406096946ea682a86103f07b7b7a0001464b2000009b1fd312360000020000008e03000090020000006400000077001a000000b5000000b71c2f0eb00e100e880e2f0e2f0e120012001500ffffcdffc7ffd8ff38ff1806280aa800b71c320eb00e240e850e320e320effffffff1600ffffd2ffc9ffb0ffe8fe1806280aab000000000000000000000000000000000000000000000000000000000000000000000000000000000000000000000000000000000000000000000000000000000000000000000000000000000000000000000000000000000000000000000000000000000000000000000000000000000000000000fe6664f6
2022-05-02 00:53:11: FSK9600: fm KJ7SAT-0 to SPACE-0 UI  pid=F0
2022-05-02 00:53:11: a6a082868a406096946ea682a86103f07b7b7a00014650200000a01fd312360000020000008f03000091020000006400000077001a000000b5000000b71c2f0eb00e100e880e2f0e2f0e120012001500ffffcdffc7ffd8ff38ff1806280aa800b71c320eb00e240e850e320e320effffffff1600ffffd2ffc9ffb0ffe8fe1806280aab00000000000000000000000000000000000000000000000000000000000000000000000000000000000000000000000000000000000000000000000000000000000000000000000000000000000000000000000000000000000000000000000000000000000000000000000000000000000000000016bf2ca4
