2022-05-01 16:18:53 358.63 2.30 189801.03 47.2121 -122.741 10500.0
2022-05-01 16:22:00 359.75 2.31 189303.01 47.2081 -122.6922 10500.0
2022-05-01 16:25:54 357.08 2.22 192406.92 47.2338 -122.8107 10400.0
2022-05-01 16:27:18 357.31 2.22 193797.31 47.2466 -122.8011 10500.0
2022-05-01 16:30:42 358.02 2.05 202301.87 47.324 -122.7737 10500.0
2022-05-01 16:34:35 357.80 2.10 204174.72 47.3404 -122.7848 10800.0
2022-05-01 16:39:56 358.10 1.98 198668.21 47.2917 -122.7685 10000.0
2022-05-01 16:45:52 357.33 2.00 190068.92 47.2137 -122.7982 9500.0
2022-05-01 16:52:41 356.70 1.99 179328.07 47.1166 -122.8171 8800.0
2022-05-01 16:58:47 355.12 1.85 166648.15 47.0003 -122.8676 7600.0
2022-05-01 17:07:22 353.84 1.85 150655.29 46.8544 -122.8931 6700.0
2022-05-01 17:16:43 351.49 1.31 133633.34 46.6967 -122.9398 4500.0
2022-05-01 17:18:59 351.49 1.31 133633.34 46.6967 -122.9398 4500.0
2022-05-01 17:20:30 351.49 1.31 133633.34 46.6967 -122.9398 4500.0
2022-05-01 17:21:38 351.49 1.31 133633.34 46.6967 -122.9398 4500.0
2022-05-01 17:23:17 351.49 1.31 133633.34 46.6967 -122.9398 4500.0
2022-05-01 17:27:55 348.73 1.83 111700.30 46.4931 -122.9654 4600.0
2022-05-01 17:31:52 347.95 2.01 103045.61 46.4142 -122.9609 4500.0
2022-05-01 17:39:10 345.30 2.80 80706.91 46.2098 -122.9462 4500.0
2022-05-01 17:45:07 345.36 3.49 67357.86 46.0937 -122.901 4500.0
2022-05-01 17:46:43 345.39 3.73 63528.00 46.0604 -122.8879 4500.0
2022-05-01 17:48:12 345.02 3.92 59551.04 46.0249 -122.8796 4400.0
2022-05-01 17:50:32 344.96 4.17 55159.43 45.9866 -122.8655 4300.0
2022-05-01 17:52:13 344.16 4.04 50362.80 45.9435 -122.8581 3800.0
