~/tools/multimon-ng/build$ ./beacon2.sh 
Found 1 device(s):
  0:  Realtek, RTL2838UHIDIR, SN: 00000001

Using device 0: Generic RTL2832U OEM
Detached kernel driver
Found Rafael Micro R820T tuner
Tuner gain set to automatic.
Tuner error set to 49 ppm.
Tuned to 436753575 Hz.
Oversampling input by: 46x.
Oversampling output by: 1x.
Buffer size: 8.08ms
Exact sample rate is: 1014300.020041 Hz
Allocating 15 zero-copy buffers
Sampling at 1014300 S/s.
Output at 22050 Hz.
2022-05-01 15:39:52 L_valid:622 L_rssi:-125 U_valid:100 U_rssi:--256 P1VBatt:7415
2022-05-01 15:40:22 L_valid:622 L_rssi:-125 U_valid:100 U_rssi:--256 P1VBatt:7416
2022-05-01 15:40:53 L_valid:622 L_rssi:-125 U_valid:100 U_rssi:--256 P1VBatt:7410
2022-05-01 15:41:23 L_valid:622 L_rssi:-125 U_valid:100 U_rssi:--256 P1VBatt:7411
2022-05-01 15:41:53 L_valid:622 L_rssi:-125 U_valid:100 U_rssi:--256 P1VBatt:7410
2022-05-01 15:42:24 L_valid:622 L_rssi:-125 U_valid:100 U_rssi:--256 P1VBatt:7411
2022-05-01 15:42:54 L_valid:622 L_rssi:-125 U_valid:100 U_rssi:--256 P1VBatt:7411
2022-05-01 15:43:24 L_valid:622 L_rssi:-125 U_valid:100 U_rssi:--256 P1VBatt:7413
2022-05-01 15:43:55 L_valid:622 L_rssi:-125 U_valid:100 U_rssi:--256 P1VBatt:7407
2022-05-01 15:44:25 L_valid:622 L_rssi:-125 U_valid:100 U_rssi:--256 P1VBatt:7411
2022-05-01 15:44:55 L_valid:622 L_rssi:-125 U_valid:100 U_rssi:--256 P1VBatt:7411
2022-05-01 15:45:26 L_valid:622 L_rssi:-125 U_valid:100 U_rssi:--256 P1VBatt:7410
2022-05-01 15:45:56 L_valid:622 L_rssi:-125 U_valid:100 U_rssi:--256 P1VBatt:7415
2022-05-01 15:46:26 L_valid:622 L_rssi:-125 U_valid:100 U_rssi:--256 P1VBatt:7411
2022-05-01 15:46:57 L_valid:622 L_rssi:-125 U_valid:100 U_rssi:--256 P1VBatt:7416
2022-05-01 15:47:27 L_valid:622 L_rssi:-125 U_valid:100 U_rssi:--256 P1VBatt:7415
2022-05-01 15:47:57 L_valid:622 L_rssi:-125 U_valid:100 U_rssi:--256 P1VBatt:7415
2022-05-01 15:48:28 L_valid:622 L_rssi:-125 U_valid:100 U_rssi:--256 P1VBatt:7407
2022-05-01 15:48:58 L_valid:622 L_rssi:-125 U_valid:100 U_rssi:--256 P1VBatt:7413
2022-05-01 15:49:28 L_valid:622 L_rssi:-125 U_valid:100 U_rssi:--256 P1VBatt:7405
2022-05-01 15:49:59 L_valid:622 L_rssi:-125 U_valid:100 U_rssi:--256 P1VBatt:7411
2022-05-01 15:50:29 L_valid:622 L_rssi:-125 U_valid:100 U_rssi:--256 P1VBatt:7410
2022-05-01 15:50:59 L_valid:622 L_rssi:-125 U_valid:100 U_rssi:--256 P1VBatt:7412
2022-05-01 15:51:30 L_valid:622 L_rssi:-125 U_valid:100 U_rssi:--256 P1VBatt:7410
2022-05-01 15:52:00 L_valid:622 L_rssi:-125 U_valid:100 U_rssi:-129 P1VBatt:7413
2022-05-01 15:52:30 L_valid:622 L_rssi:-125 U_valid:100 U_rssi:-129 P1VBatt:7405
2022-05-01 15:53:01 L_valid:622 L_rssi:-125 U_valid:100 U_rssi:-129 P1VBatt:7412
2022-05-01 15:53:31 L_valid:622 L_rssi:-125 U_valid:100 U_rssi:-129 P1VBatt:7408
2022-05-01 15:53:35 L_valid:622 L_rssi:-116 U_valid:100 U_rssi:-129 P1VBatt:7408
2022-05-01 15:54:35 L_valid:623 L_rssi:-116 U_valid:100 U_rssi:-129 P1VBatt:7407
2022-05-01 15:55:05 L_valid:623 L_rssi:-116 U_valid:100 U_rssi:-129 P1VBatt:7412
2022-05-01 15:55:15 L_valid:623 L_rssi:-118 U_valid:100 U_rssi:-129 P1VBatt:7408
2022-05-01 15:55:20 L_valid:624 L_rssi:-117 U_valid:100 U_rssi:-129 P1VBatt:7408
2022-05-01 15:55:30 L_valid:625 L_rssi:-114 U_valid:100 U_rssi:-129 P1VBatt:7406
2022-05-01 15:55:45 L_valid:626 L_rssi:-106 U_valid:100 U_rssi:-129 P1VBatt:7411
2022-05-01 15:55:50 L_valid:627 L_rssi:-113 U_valid:100 U_rssi:-129 P1VBatt:7411
2022-05-01 15:56:05 L_valid:628 L_rssi:-114 U_valid:100 U_rssi:-129 P1VBatt:7407
2022-05-01 15:56:10 L_valid:629 L_rssi:-116 U_valid:100 U_rssi:-129 P1VBatt:7407
2022-05-01 15:56:20 L_valid:630 L_rssi:-114 U_valid:100 U_rssi:-129 P1VBatt:7405
2022-05-01 15:56:25 L_valid:631 L_rssi:-116 U_valid:100 U_rssi:-129 P1VBatt:7403
2022-05-01 15:56:35 L_valid:632 L_rssi:-115 U_valid:100 U_rssi:-129 P1VBatt:7410
2022-05-01 15:56:45 L_valid:633 L_rssi:-111 U_valid:100 U_rssi:-129 P1VBatt:7405
2022-05-01 15:56:50 L_valid:634 L_rssi:-109 U_valid:100 U_rssi:-129 P1VBatt:7405
2022-05-01 15:56:55 L_valid:635 L_rssi:-109 U_valid:100 U_rssi:-129 P1VBatt:7388
2022-05-01 15:57:00 L_valid:636 L_rssi:-110 U_valid:100 U_rssi:-129 P1VBatt:7388
2022-05-01 15:57:10 L_valid:637 L_rssi:-107 U_valid:100 U_rssi:-129 P1VBatt:7406
2022-05-01 15:57:35 L_valid:638 L_rssi:-115 U_valid:100 U_rssi:-129 P1VBatt:7406
2022-05-01 15:57:40 L_valid:639 L_rssi:-114 U_valid:100 U_rssi:-129 P1VBatt:7406
2022-05-01 15:58:40 L_valid:640 L_rssi:-114 U_valid:100 U_rssi:-129 P1VBatt:7402
2022-05-01 15:58:55 L_valid:640 L_rssi:-113 U_valid:100 U_rssi:-129 P1VBatt:7410
2022-05-01 15:59:00 L_valid:641 L_rssi:-108 U_valid:100 U_rssi:-129 P1VBatt:7410
2022-05-01 15:59:05 L_valid:642 L_rssi:-111 U_valid:100 U_rssi:-129 P1VBatt:7401
2022-05-01 15:59:10 L_valid:643 L_rssi:-113 U_valid:100 U_rssi:-129 P1VBatt:7401
2022-05-01 15:59:15 L_valid:644 L_rssi:-114 U_valid:100 U_rssi:-129 P1VBatt:7406
2022-05-01 15:59:20 L_valid:645 L_rssi:-112 U_valid:100 U_rssi:-129 P1VBatt:7406
2022-05-01 15:59:30 L_valid:646 L_rssi:-115 U_valid:100 U_rssi:-129 P1VBatt:7407
2022-05-01 15:59:35 L_valid:647 L_rssi:-119 U_valid:100 U_rssi:-129 P1VBatt:7401
2022-05-01 16:00:15 L_valid:648 L_rssi:-118 U_valid:100 U_rssi:-129 P1VBatt:7402
2022-05-01 16:00:50 L_valid:649 L_rssi:-113 U_valid:100 U_rssi:-129 P1VBatt:7405
2022-05-01 16:00:55 L_valid:650 L_rssi:-110 U_valid:100 U_rssi:-129 P1VBatt:7412
2022-05-01 16:01:05 L_valid:651 L_rssi:-115 U_valid:100 U_rssi:-129 P1VBatt:7407
2022-05-01 16:01:10 L_valid:652 L_rssi:-111 U_valid:100 U_rssi:-129 P1VBatt:7407
2022-05-01 16:01:45 L_valid:653 L_rssi:-113 U_valid:100 U_rssi:-129 P1VBatt:7403
2022-05-01 16:02:45 L_valid:654 L_rssi:-113 U_valid:100 U_rssi:-129 P1VBatt:7403
22022-05-01 16:03:15 L_valid:654 L_rssi:-113 U_valid:100 U_rssi:-129 P1VBatt:7402
2022-05-01 16:03:46 L_valid:654 L_rssi:-113 U_valid:100 U_rssi:-129 P1VBatt:7405
2022-05-01 16:03:55 L_valid:654 L_rssi:-118 U_valid:100 U_rssi:-129 P1VBatt:7403
2022-05-01 16:04:10 L_valid:655 L_rssi:-115 U_valid:100 U_rssi:-129 P1VBatt:7405
2022-05-01 16:05:10 L_valid:656 L_rssi:-115 U_valid:100 U_rssi:-129 P1VBatt:7410
2022-05-01 16:05:40 L_valid:656 L_rssi:-117 U_valid:100 U_rssi:-129 P1VBatt:7407
2022-05-01 16:05:40 L_valid:656 L_rssi:-117 U_valid:100 U_rssi:-129 P1VBatt:7407
2022-05-01 16:05:50 L_valid:657 L_rssi:-114 U_valid:100 U_rssi:-129 P1VBatt:7398
2022-05-01 16:06:25 L_valid:658 L_rssi:-113 U_valid:100 U_rssi:-129 P1VBatt:7403
2022-05-01 16:07:00 L_valid:659 L_rssi:-116 U_valid:100 U_rssi:-129 P1VBatt:7402
2022-05-01 16:07:05 L_valid:660 L_rssi:-117 U_valid:100 U_rssi:-129 P1VBatt:7401
2022-05-01 16:08:05 L_valid:661 L_rssi:-117 U_valid:100 U_rssi:-129 P1VBatt:7400
2022-05-01 16:08:20 L_valid:661 L_rssi:-115 U_valid:100 U_rssi:-129 P1VBatt:7405
2022-05-01 16:08:25 L_valid:662 L_rssi:-117 U_valid:100 U_rssi:-129 P1VBatt:7407
2022-05-01 16:08:45 L_valid:663 L_rssi:-112 U_valid:100 U_rssi:-129 P1VBatt:7400
2022-05-01 16:09:45 L_valid:664 L_rssi:-112 U_valid:100 U_rssi:-129 P1VBatt:7400
2022-05-01 16:09:55 L_valid:664 L_rssi:-117 U_valid:100 U_rssi:-129 P1VBatt:7405
2022-05-01 16:10:00 L_valid:665 L_rssi:-113 U_valid:100 U_rssi:-129 P1VBatt:7405
2022-05-01 16:11:00 L_valid:666 L_rssi:-113 U_valid:100 U_rssi:-129 P1VBatt:7401
2022-05-01 16:11:30 L_valid:666 L_rssi:-113 U_valid:100 U_rssi:-129 P1VBatt:7401
2022-05-01 16:12:01 L_valid:666 L_rssi:-113 U_valid:100 U_rssi:-129 P1VBatt:7397
2022-05-01 16:12:31 L_valid:666 L_rssi:-113 U_valid:100 U_rssi:-129 P1VBatt:7401
2022-05-01 16:13:01 L_valid:666 L_rssi:-113 U_valid:100 U_rssi:-129 P1VBatt:7400
2022-05-01 16:13:32 L_valid:666 L_rssi:-113 U_valid:100 U_rssi:-129 P1VBatt:7395
2022-05-01 16:14:02 L_valid:666 L_rssi:-113 U_valid:100 U_rssi:-129 P1VBatt:7397
2022-05-01 16:14:32 L_valid:666 L_rssi:-113 U_valid:100 U_rssi:-129 P1VBatt:7398
2022-05-01 16:15:03 L_valid:666 L_rssi:-113 U_valid:100 U_rssi:-129 P1VBatt:7398
2022-05-01 16:15:33 L_valid:666 L_rssi:-113 U_valid:100 U_rssi:-129 P1VBatt:7400
2022-05-01 16:16:03 L_valid:666 L_rssi:-113 U_valid:100 U_rssi:-129 P1VBatt:7401
2022-05-01 16:16:34 L_valid:666 L_rssi:-113 U_valid:100 U_rssi:-129 P1VBatt:7398
2022-05-01 16:17:04 L_valid:666 L_rssi:-113 U_valid:100 U_rssi:-129 P1VBatt:7395
2022-05-01 16:17:34 L_valid:666 L_rssi:-113 U_valid:100 U_rssi:-129 P1VBatt:7393
2022-05-01 16:18:05 L_valid:666 L_rssi:-113 U_valid:100 U_rssi:-115 P1VBatt:7390
2022-05-01 16:18:35 L_valid:666 L_rssi:-113 U_valid:100 U_rssi:-115 P1VBatt:7402
2022-05-01 16:19:05 L_valid:666 L_rssi:-113 U_valid:100 U_rssi:-115 P1VBatt:7397
2022-05-01 16:19:36 L_valid:666 L_rssi:-113 U_valid:100 U_rssi:-115 P1VBatt:7395
2022-05-01 16:20:05 L_valid:666 L_rssi:-117 U_valid:100 U_rssi:-115 P1VBatt:7397
2022-05-01 16:20:20 L_valid:667 L_rssi:-119 U_valid:100 U_rssi:-115 P1VBatt:7395
2022-05-01 16:20:55 L_valid:668 L_rssi:-118 U_valid:100 U_rssi:-115 P1VBatt:7396
2022-05-01 16:21:40 L_valid:669 L_rssi:-118 U_valid:100 U_rssi:-115 P1VBatt:7396
2022-05-01 16:21:45 L_valid:670 L_rssi:-114 U_valid:100 U_rssi:-115 P1VBatt:7393
2022-05-01 16:22:45 L_valid:671 L_rssi:-114 U_valid:100 U_rssi:-115 P1VBatt:7391
2022-05-01 16:23:15 L_valid:671 L_rssi:-114 U_valid:100 U_rssi:-115 P1VBatt:7393
2022-05-01 16:23:46 L_valid:671 L_rssi:-114 U_valid:100 U_rssi:-115 P1VBatt:7391
2022-05-01 16:24:16 L_valid:671 L_rssi:-114 U_valid:100 U_rssi:-115 P1VBatt:7398
2022-05-01 16:24:46 L_valid:671 L_rssi:-114 U_valid:100 U_rssi:-115 P1VBatt:7391
2022-05-01 16:25:17 L_valid:671 L_rssi:-114 U_valid:100 U_rssi:-115 P1VBatt:7395
2022-05-01 16:25:47 L_valid:671 L_rssi:-114 U_valid:100 U_rssi:-115 P1VBatt:7393
2022-05-01 16:26:17 L_valid:671 L_rssi:-114 U_valid:100 U_rssi:-115 P1VBatt:7388
2022-05-01 16:26:48 L_valid:671 L_rssi:-114 U_valid:100 U_rssi:-115 P1VBatt:7393
2022-05-01 16:27:18 L_valid:671 L_rssi:-114 U_valid:100 U_rssi:-115 P1VBatt:7395
2022-05-01 16:27:48 L_valid:671 L_rssi:-114 U_valid:100 U_rssi:-115 P1VBatt:7395
2022-05-01 16:28:19 L_valid:671 L_rssi:-114 U_valid:100 U_rssi:-115 P1VBatt:7395
2022-05-01 16:28:49 L_valid:671 L_rssi:-114 U_valid:100 U_rssi:-115 P1VBatt:7390
2022-05-01 16:29:19 L_valid:671 L_rssi:-114 U_valid:100 U_rssi:-115 P1VBatt:7390
2022-05-01 16:29:50 L_valid:671 L_rssi:-114 U_valid:100 U_rssi:-115 P1VBatt:7387
2022-05-01 16:30:20 L_valid:671 L_rssi:-114 U_valid:100 U_rssi:-115 P1VBatt:7395
2022-05-01 16:30:50 L_valid:671 L_rssi:-114 U_valid:100 U_rssi:-115 P1VBatt:7391
2022-05-01 16:31:21 L_valid:671 L_rssi:-114 U_valid:100 U_rssi:-115 P1VBatt:7388
2022-05-01 16:31:51 L_valid:671 L_rssi:-114 U_valid:100 U_rssi:-115 P1VBatt:7391
2022-05-01 16:32:21 L_valid:671 L_rssi:-114 U_valid:100 U_rssi:-115 P1VBatt:7397
2022-05-01 16:32:52 L_valid:671 L_rssi:-114 U_valid:100 U_rssi:-115 P1VBatt:7392
2022-05-01 16:33:22 L_valid:671 L_rssi:-114 U_valid:100 U_rssi:-115 P1VBatt:7390
2022-05-01 16:33:52 L_valid:671 L_rssi:-114 U_valid:100 U_rssi:-115 P1VBatt:7388
2022-05-01 16:34:23 L_valid:671 L_rssi:-114 U_valid:100 U_rssi:-115 P1VBatt:7385
2022-05-01 16:34:53 L_valid:671 L_rssi:-114 U_valid:100 U_rssi:-115 P1VBatt:7390
2022-05-01 16:35:23 L_valid:671 L_rssi:-114 U_valid:100 U_rssi:-121 P1VBatt:7388
2022-05-01 16:35:54 L_valid:671 L_rssi:-114 U_valid:100 U_rssi:-121 P1VBatt:7395
2022-05-01 16:36:24 L_valid:671 L_rssi:-114 U_valid:100 U_rssi:-121 P1VBatt:7386
2022-05-01 16:36:54 L_valid:671 L_rssi:-114 U_valid:100 U_rssi:-121 P1VBatt:7388
2022-05-01 16:37:24 L_valid:671 L_rssi:-114 U_valid:100 U_rssi:-121 P1VBatt:7386
2022-05-01 16:37:55 L_valid:671 L_rssi:-114 U_valid:100 U_rssi:-121 P1VBatt:7385
2022-05-01 16:38:25 L_valid:671 L_rssi:-114 U_valid:100 U_rssi:-121 P1VBatt:7392
2022-05-01 16:38:56 L_valid:671 L_rssi:-114 U_valid:100 U_rssi:-121 P1VBatt:7383
2022-05-01 16:39:26 L_valid:671 L_rssi:-114 U_valid:100 U_rssi:-121 P1VBatt:7388
2022-05-01 16:39:56 L_valid:671 L_rssi:-114 U_valid:100 U_rssi:-121 P1VBatt:7392
2022-05-01 16:40:27 L_valid:671 L_rssi:-114 U_valid:100 U_rssi:-121 P1VBatt:7388
2022-05-01 16:40:57 L_valid:671 L_rssi:-114 U_valid:100 U_rssi:-121 P1VBatt:7385
2022-05-01 16:41:27 L_valid:671 L_rssi:-114 U_valid:100 U_rssi:-121 P1VBatt:7385
2022-05-01 16:41:58 L_valid:671 L_rssi:-114 U_valid:100 U_rssi:-121 P1VBatt:7390
2022-05-01 16:42:28 L_valid:671 L_rssi:-114 U_valid:100 U_rssi:-121 P1VBatt:7382
2022-05-01 16:42:58 L_valid:671 L_rssi:-114 U_valid:100 U_rssi:-121 P1VBatt:7386
2022-05-01 16:43:28 L_valid:671 L_rssi:-114 U_valid:100 U_rssi:-121 P1VBatt:7382
2022-05-01 16:43:59 L_valid:671 L_rssi:-114 U_valid:100 U_rssi:-121 P1VBatt:7386
2022-05-01 16:44:29 L_valid:671 L_rssi:-114 U_valid:100 U_rssi:-121 P1VBatt:7381
2022-05-01 16:45:00 L_valid:671 L_rssi:-114 U_valid:100 U_rssi:-121 P1VBatt:7386
2022-05-01 16:45:30 L_valid:671 L_rssi:-114 U_valid:100 U_rssi:-121 P1VBatt:7378
2022-05-01 16:46:00 L_valid:671 L_rssi:-114 U_valid:100 U_rssi:-121 P1VBatt:7382
2022-05-01 16:46:30 L_valid:671 L_rssi:-114 U_valid:100 U_rssi:-121 P1VBatt:7385
2022-05-01 16:47:01 L_valid:671 L_rssi:-114 U_valid:100 U_rssi:-121 P1VBatt:7378
2022-05-01 16:47:31 L_valid:671 L_rssi:-114 U_valid:100 U_rssi:-121 P1VBatt:7390
2022-05-01 16:48:02 L_valid:671 L_rssi:-114 U_valid:100 U_rssi:-121 P1VBatt:7381
2022-05-01 16:48:32 L_valid:671 L_rssi:-114 U_valid:100 U_rssi:-121 P1VBatt:7380
2022-05-01 16:49:02 L_valid:671 L_rssi:-114 U_valid:100 U_rssi:-121 P1VBatt:7381
2022-05-01 16:49:33 L_valid:671 L_rssi:-114 U_valid:100 U_rssi:-121 P1VBatt:7382
2022-05-01 16:50:03 L_valid:671 L_rssi:-114 U_valid:100 U_rssi:-121 P1VBatt:7382
2022-05-01 16:50:33 L_valid:671 L_rssi:-114 U_valid:100 U_rssi:-121 P1VBatt:7382
2022-05-01 16:51:03 L_valid:671 L_rssi:-114 U_valid:100 U_rssi:-121 P1VBatt:7390
2022-05-01 16:51:34 L_valid:671 L_rssi:-114 U_valid:100 U_rssi:-121 P1VBatt:7380
2022-05-01 16:52:04 L_valid:671 L_rssi:-114 U_valid:100 U_rssi:-121 P1VBatt:7381
2022-05-01 16:52:34 L_valid:671 L_rssi:-114 U_valid:100 U_rssi:-121 P1VBatt:7375
2022-05-01 16:53:05 L_valid:671 L_rssi:-114 U_valid:100 U_rssi:-121 P1VBatt:7376
2022-05-01 16:53:35 L_valid:671 L_rssi:-114 U_valid:100 U_rssi:-121 P1VBatt:7381
2022-05-01 16:54:05 L_valid:671 L_rssi:-114 U_valid:100 U_rssi:-121 P1VBatt:7381
2022-05-01 16:54:36 L_valid:671 L_rssi:-114 U_valid:100 U_rssi:-121 P1VBatt:7382
2022-05-01 16:55:06 L_valid:671 L_rssi:-114 U_valid:100 U_rssi:-121 P1VBatt:7386
2022-05-01 16:55:36 L_valid:671 L_rssi:-114 U_valid:100 U_rssi:-121 P1VBatt:7377
2022-05-01 16:56:07 L_valid:671 L_rssi:-114 U_valid:100 U_rssi:-121 P1VBatt:7378
2022-05-01 16:56:37 L_valid:671 L_rssi:-114 U_valid:100 U_rssi:-115 P1VBatt:7378
2022-05-01 16:57:07 L_valid:671 L_rssi:-114 U_valid:100 U_rssi:-115 P1VBatt:7378
2022-05-01 16:57:38 L_valid:671 L_rssi:-114 U_valid:100 U_rssi:-115 P1VBatt:7377
2022-05-01 16:58:08 L_valid:671 L_rssi:-114 U_valid:100 U_rssi:-115 P1VBatt:7376
2022-05-01 16:58:38 L_valid:671 L_rssi:-114 U_valid:100 U_rssi:-115 P1VBatt:7378
2022-05-01 16:59:09 L_valid:671 L_rssi:-114 U_valid:100 U_rssi:-115 P1VBatt:7377
2022-05-01 16:59:39 L_valid:671 L_rssi:-114 U_valid:100 U_rssi:-115 P1VBatt:7378
2022-05-01 17:00:09 L_valid:671 L_rssi:-114 U_valid:100 U_rssi:-115 P1VBatt:7372
2022-05-01 17:00:40 L_valid:671 L_rssi:-114 U_valid:100 U_rssi:-115 P1VBatt:7381
2022-05-01 17:01:10 L_valid:671 L_rssi:-114 U_valid:100 U_rssi:-115 P1VBatt:7376
2022-05-01 17:01:40 L_valid:671 L_rssi:-114 U_valid:100 U_rssi:-115 P1VBatt:7376
2022-05-01 17:02:11 L_valid:671 L_rssi:-114 U_valid:100 U_rssi:-115 P1VBatt:7372
2022-05-01 17:02:41 L_valid:671 L_rssi:-114 U_valid:100 U_rssi:-115 P1VBatt:7373
2022-05-01 17:03:11 L_valid:671 L_rssi:-114 U_valid:100 U_rssi:-115 P1VBatt:7373
2022-05-01 17:03:42 L_valid:671 L_rssi:-114 U_valid:100 U_rssi:-115 P1VBatt:7376
2022-05-01 17:04:12 L_valid:671 L_rssi:-114 U_valid:100 U_rssi:-115 P1VBatt:7376
2022-05-01 17:04:42 L_valid:671 L_rssi:-114 U_valid:100 U_rssi:-115 P1VBatt:7370
2022-05-01 17:05:13 L_valid:671 L_rssi:-114 U_valid:100 U_rssi:-115 P1VBatt:7377
2022-05-01 17:05:43 L_valid:671 L_rssi:-114 U_valid:100 U_rssi:-115 P1VBatt:7378
2022-05-01 17:06:13 L_valid:671 L_rssi:-114 U_valid:100 U_rssi:-115 P1VBatt:7373
2022-05-01 17:06:44 L_valid:671 L_rssi:-114 U_valid:100 U_rssi:-115 P1VBatt:7372
2022-05-01 17:07:14 L_valid:671 L_rssi:-114 U_valid:100 U_rssi:-115 P1VBatt:7373
2022-05-01 17:07:44 L_valid:671 L_rssi:-114 U_valid:100 U_rssi:-115 P1VBatt:7377
2022-05-01 17:08:15 L_valid:671 L_rssi:-114 U_valid:100 U_rssi:-115 P1VBatt:7375
2022-05-01 17:08:45 L_valid:671 L_rssi:-114 U_valid:100 U_rssi:-115 P1VBatt:7377
2022-05-01 17:09:15 L_valid:671 L_rssi:-114 U_valid:100 U_rssi:-115 P1VBatt:7371
2022-05-01 17:09:46 L_valid:671 L_rssi:-114 U_valid:100 U_rssi:-115 P1VBatt:7373
2022-05-01 17:10:16 L_valid:671 L_rssi:-114 U_valid:100 U_rssi:-115 P1VBatt:7375
2022-05-01 17:10:46 L_valid:671 L_rssi:-114 U_valid:100 U_rssi:-115 P1VBatt:7373
2022-05-01 17:11:17 L_valid:671 L_rssi:-122 U_valid:100 U_rssi:-115 P1VBatt:7370
2022-05-01 17:11:47 L_valid:671 L_rssi:-122 U_valid:100 U_rssi:-115 P1VBatt:7370
2022-05-01 17:12:17 L_valid:671 L_rssi:-122 U_valid:100 U_rssi:-124 P1VBatt:7376
2022-05-01 17:12:48 L_valid:671 L_rssi:-122 U_valid:100 U_rssi:-124 P1VBatt:7370
2022-05-01 17:13:18 L_valid:671 L_rssi:-122 U_valid:100 U_rssi:-137 P1VBatt:7370
2022-05-01 17:13:48 L_valid:671 L_rssi:-122 U_valid:100 U_rssi:-137 P1VBatt:7370
2022-05-01 17:14:19 L_valid:671 L_rssi:-122 U_valid:100 U_rssi:-137 P1VBatt:7368
2022-05-01 17:14:49 L_valid:671 L_rssi:-122 U_valid:100 U_rssi:-137 P1VBatt:7366
2022-05-01 17:15:19 L_valid:671 L_rssi:-122 U_valid:100 U_rssi:-137 P1VBatt:7368
2022-05-01 17:15:50 L_valid:671 L_rssi:-122 U_valid:100 U_rssi:-137 P1VBatt:7368
2022-05-01 17:16:20 L_valid:671 L_rssi:-122 U_valid:100 U_rssi:-137 P1VBatt:7375
2022-05-01 17:16:50 L_valid:671 L_rssi:-122 U_valid:100 U_rssi:-137 P1VBatt:7360
2022-05-01 17:17:21 L_valid:671 L_rssi:-122 U_valid:100 U_rssi:-137 P1VBatt:7376
2022-05-01 17:17:51 L_valid:671 L_rssi:-122 U_valid:100 U_rssi:-137 P1VBatt:7363
2022-05-01 17:18:21 L_valid:671 L_rssi:-122 U_valid:100 U_rssi:-137 P1VBatt:7366
2022-05-01 17:18:52 L_valid:671 L_rssi:-122 U_valid:100 U_rssi:-137 P1VBatt:7368
2022-05-01 17:19:00 L_valid:671 L_rssi:-116 U_valid:100 U_rssi:-137 P1VBatt:7368
2022-05-01 17:19:25 L_valid:672 L_rssi:-116 U_valid:100 U_rssi:-137 P1VBatt:7370
2022-05-01 17:20:00 L_valid:673 L_rssi:-118 U_valid:100 U_rssi:-137 P1VBatt:7365
2022-05-01 17:20:45 L_valid:674 L_rssi:-112 U_valid:100 U_rssi:-137 P1VBatt:7376
2022-05-01 17:20:50 L_valid:675 L_rssi:-117 U_valid:100 U_rssi:-137 P1VBatt:7376
2022-05-01 17:21:00 L_valid:676 L_rssi:-116 U_valid:100 U_rssi:-137 P1VBatt:7343
2022-05-01 17:21:05 L_valid:677 L_rssi:-111 U_valid:100 U_rssi:-137 P1VBatt:7370
2022-05-01 17:21:15 L_valid:678 L_rssi:-119 U_valid:100 U_rssi:-137 P1VBatt:7368
2022-05-01 17:21:20 L_valid:679 L_rssi:-116 U_valid:100 U_rssi:-137 P1VBatt:7368
2022-05-01 17:21:30 L_valid:680 L_rssi:-114 U_valid:100 U_rssi:-137 P1VBatt:7365
2022-05-01 17:21:40 L_valid:681 L_rssi:-117 U_valid:100 U_rssi:-137 P1VBatt:7368
2022-05-01 17:22:30 L_valid:682 L_rssi:-113 U_valid:100 U_rssi:-137 P1VBatt:7368
2022-05-01 17:22:45 L_valid:683 L_rssi:-112 U_valid:100 U_rssi:-137 P1VBatt:7367
2022-05-01 17:23:10 L_valid:684 L_rssi:-117 U_valid:100 U_rssi:-137 P1VBatt:7370
2022-05-01 17:23:15 L_valid:685 L_rssi:-117 U_valid:100 U_rssi:-137 P1VBatt:7366
2022-05-01 17:23:20 L_valid:686 L_rssi:-119 U_valid:100 U_rssi:-137 P1VBatt:7366
2022-05-01 17:23:25 L_valid:687 L_rssi:-112 U_valid:100 U_rssi:-137 P1VBatt:7360
2022-05-01 17:23:35 L_valid:688 L_rssi:-111 U_valid:100 U_rssi:-137 P1VBatt:7365
2022-05-01 17:23:50 L_valid:689 L_rssi:-115 U_valid:100 U_rssi:-137 P1VBatt:7365
2022-05-01 17:23:55 L_valid:690 L_rssi:-111 U_valid:100 U_rssi:-137 P1VBatt:7345
2022-05-01 17:24:00 L_valid:691 L_rssi:-111 U_valid:100 U_rssi:-137 P1VBatt:7345
2022-05-01 17:24:05 L_valid:692 L_rssi:-113 U_valid:100 U_rssi:-137 P1VBatt:7365
2022-05-01 17:24:25 L_valid:693 L_rssi:-112 U_valid:100 U_rssi:-137 P1VBatt:7365
2022-05-01 17:24:30 L_valid:694 L_rssi:-116 U_valid:100 U_rssi:-137 P1VBatt:7365
2022-05-01 17:24:45 L_valid:695 L_rssi:-114 U_valid:100 U_rssi:-137 P1VBatt:7362
2022-05-01 17:24:55 L_valid:696 L_rssi:-121 U_valid:100 U_rssi:-137 P1VBatt:7373
2022-05-01 17:25:00 L_valid:697 L_rssi:-112 U_valid:100 U_rssi:-137 P1VBatt:7373
2022-05-01 17:25:10 L_valid:698 L_rssi:-112 U_valid:100 U_rssi:-137 P1VBatt:7357
2022-05-01 17:25:15 L_valid:699 L_rssi:-118 U_valid:100 U_rssi:-137 P1VBatt:7365
2022-05-01 17:25:30 L_valid:700 L_rssi:-110 U_valid:100 U_rssi:-137 P1VBatt:7365
2022-05-01 17:25:35 L_valid:701 L_rssi:-111 U_valid:100 U_rssi:-137 P1VBatt:7365
2022-05-01 17:25:40 L_valid:702 L_rssi:-111 U_valid:100 U_rssi:-137 P1VBatt:7365
2022-05-01 17:25:45 L_valid:703 L_rssi:-114 U_valid:100 U_rssi:-137 P1VBatt:7340
2022-05-01 17:25:50 L_valid:704 L_rssi:-113 U_valid:100 U_rssi:-137 P1VBatt:7340
2022-05-01 17:26:00 L_valid:705 L_rssi:-111 U_valid:100 U_rssi:-137 P1VBatt:7363
2022-05-01 17:26:05 L_valid:706 L_rssi:-111 U_valid:100 U_rssi:-137 P1VBatt:7363
2022-05-01 17:26:20 L_valid:707 L_rssi:-118 U_valid:100 U_rssi:-137 P1VBatt:7366
2022-05-01 17:26:25 L_valid:708 L_rssi:-107 U_valid:100 U_rssi:-137 P1VBatt:7363
2022-05-01 17:26:40 L_valid:709 L_rssi:-108 U_valid:100 U_rssi:-137 P1VBatt:7366
2022-05-01 17:27:15 L_valid:710 L_rssi:-110 U_valid:100 U_rssi:-137 P1VBatt:7361
2022-05-01 17:27:30 L_valid:711 L_rssi:-91 U_valid:100 U_rssi:-137 P1VBatt:7368
2022-05-01 17:27:45 L_valid:712 L_rssi:-88 U_valid:100 U_rssi:-137 P1VBatt:7362
2022-05-01 17:27:50 L_valid:713 L_rssi:-105 U_valid:100 U_rssi:-137 P1VBatt:7362
2022-05-01 17:27:55 L_valid:714 L_rssi:-108 U_valid:100 U_rssi:-137 P1VBatt:7361
2022-05-01 17:28:00 L_valid:715 L_rssi:-88 U_valid:100 U_rssi:-137 P1VBatt:7361
2022-05-01 17:28:05 L_valid:716 L_rssi:-88 U_valid:100 U_rssi:-137 P1VBatt:7367
2022-05-01 17:28:10 L_valid:717 L_rssi:-89 U_valid:100 U_rssi:-137 P1VBatt:7367
2022-05-01 17:28:20 L_valid:718 L_rssi:-87 U_valid:100 U_rssi:-137 P1VBatt:7361
2022-05-01 17:28:25 L_valid:719 L_rssi:-89 U_valid:100 U_rssi:-137 P1VBatt:7365
2022-05-01 17:28:30 L_valid:720 L_rssi:-89 U_valid:100 U_rssi:-137 P1VBatt:7365
2022-05-01 17:28:35 L_valid:721 L_rssi:-88 U_valid:100 U_rssi:-137 P1VBatt:7360
2022-05-01 17:28:40 L_valid:722 L_rssi:-87 U_valid:100 U_rssi:-137 P1VBatt:7360
2022-05-01 17:28:50 L_valid:723 L_rssi:-83 U_valid:100 U_rssi:-137 P1VBatt:7336
2022-05-01 17:28:55 L_valid:724 L_rssi:-109 U_valid:100 U_rssi:-137 P1VBatt:7358
2022-05-01 17:29:05 L_valid:725 L_rssi:-87 U_valid:100 U_rssi:-137 P1VBatt:7360
2022-05-01 17:29:10 L_valid:726 L_rssi:-87 U_valid:100 U_rssi:-137 P1VBatt:7360
2022-05-01 17:29:15 L_valid:727 L_rssi:-89 U_valid:100 U_rssi:-137 P1VBatt:7358
2022-05-01 17:29:25 L_valid:728 L_rssi:-87 U_valid:100 U_rssi:-137 P1VBatt:7361
2022-05-01 17:29:35 L_valid:729 L_rssi:-86 U_valid:100 U_rssi:-137 P1VBatt:7365
2022-05-01 17:29:40 L_valid:730 L_rssi:-85 U_valid:100 U_rssi:-137 P1VBatt:7365
2022-05-01 17:29:50 L_valid:731 L_rssi:-84 U_valid:100 U_rssi:-137 P1VBatt:7362
2022-05-01 17:29:55 L_valid:732 L_rssi:-88 U_valid:100 U_rssi:-137 P1VBatt:7361
2022-05-01 17:30:00 L_valid:733 L_rssi:-89 U_valid:100 U_rssi:-137 P1VBatt:7361
2022-05-01 17:30:05 L_valid:734 L_rssi:-89 U_valid:100 U_rssi:-137 P1VBatt:7360
2022-05-01 17:30:10 L_valid:735 L_rssi:-103 U_valid:100 U_rssi:-137 P1VBatt:7360
2022-05-01 17:30:15 L_valid:736 L_rssi:-89 U_valid:100 U_rssi:-137 P1VBatt:7353
2022-05-01 17:30:20 L_valid:737 L_rssi:-91 U_valid:100 U_rssi:-137 P1VBatt:7353
2022-05-01 17:30:25 L_valid:738 L_rssi:-91 U_valid:100 U_rssi:-137 P1VBatt:7363
2022-05-01 17:30:30 L_valid:739 L_rssi:-90 U_valid:100 U_rssi:-137 P1VBatt:7363
2022-05-01 17:30:35 L_valid:740 L_rssi:-87 U_valid:100 U_rssi:-137 P1VBatt:7336
2022-05-01 17:30:40 L_valid:741 L_rssi:-87 U_valid:100 U_rssi:-137 P1VBatt:7336
2022-05-01 17:30:45 L_valid:742 L_rssi:-104 U_valid:100 U_rssi:-137 P1VBatt:7363
2022-05-01 17:30:50 L_valid:743 L_rssi:-103 U_valid:100 U_rssi:-137 P1VBatt:7363
2022-05-01 17:30:55 L_valid:744 L_rssi:-89 U_valid:100 U_rssi:-137 P1VBatt:7340
2022-05-01 17:31:10 L_valid:745 L_rssi:-89 U_valid:100 U_rssi:-137 P1VBatt:7362
2022-05-01 17:31:15 L_valid:746 L_rssi:-106 U_valid:100 U_rssi:-137 P1VBatt:7366
2022-05-01 17:31:25 L_valid:747 L_rssi:-103 U_valid:100 U_rssi:-137 P1VBatt:7360
2022-05-01 17:31:30 L_valid:748 L_rssi:-91 U_valid:100 U_rssi:-137 P1VBatt:7360
2022-05-01 17:31:40 L_valid:749 L_rssi:-87 U_valid:100 U_rssi:-137 P1VBatt:7353
2022-05-01 17:32:00 L_valid:750 L_rssi:-104 U_valid:100 U_rssi:-137 P1VBatt:7361
2022-05-01 17:32:05 L_valid:751 L_rssi:-90 U_valid:100 U_rssi:-137 P1VBatt:7340
2022-05-01 17:32:10 L_valid:752 L_rssi:-90 U_valid:100 U_rssi:-137 P1VBatt:7340
2022-05-01 17:32:20 L_valid:753 L_rssi:-89 U_valid:100 U_rssi:-137 P1VBatt:7357
2022-05-01 17:32:25 L_valid:754 L_rssi:-89 U_valid:100 U_rssi:-137 P1VBatt:7356
2022-05-01 17:32:30 L_valid:755 L_rssi:-88 U_valid:100 U_rssi:-137 P1VBatt:7356
2022-05-01 17:32:35 L_valid:756 L_rssi:-87 U_valid:100 U_rssi:-137 P1VBatt:7355
2022-05-01 17:32:40 L_valid:757 L_rssi:-87 U_valid:100 U_rssi:-137 P1VBatt:7355
2022-05-01 17:32:45 L_valid:758 L_rssi:-89 U_valid:100 U_rssi:-137 P1VBatt:7330
2022-05-01 17:32:50 L_valid:759 L_rssi:-90 U_valid:100 U_rssi:-137 P1VBatt:7330
2022-05-01 17:32:55 L_valid:760 L_rssi:-90 U_valid:100 U_rssi:-137 P1VBatt:7357
2022-05-01 17:33:00 L_valid:761 L_rssi:-105 U_valid:100 U_rssi:-137 P1VBatt:7357
2022-05-01 17:33:05 L_valid:762 L_rssi:-104 U_valid:100 U_rssi:-137 P1VBatt:7361
2022-05-01 17:33:10 L_valid:763 L_rssi:-110 U_valid:100 U_rssi:-137 P1VBatt:7361
2022-05-01 17:33:20 L_valid:764 L_rssi:-91 U_valid:100 U_rssi:-137 P1VBatt:7366
2022-05-01 17:33:25 L_valid:765 L_rssi:-86 U_valid:100 U_rssi:-137 P1VBatt:7362
2022-05-01 17:33:35 L_valid:766 L_rssi:-103 U_valid:100 U_rssi:-137 P1VBatt:7353
2022-05-01 17:33:50 L_valid:767 L_rssi:-87 U_valid:100 U_rssi:-137 P1VBatt:7362
2022-05-01 17:33:55 L_valid:768 L_rssi:-86 U_valid:100 U_rssi:-137 P1VBatt:7337
2022-05-01 17:34:00 L_valid:769 L_rssi:-90 U_valid:100 U_rssi:-137 P1VBatt:7337
2022-05-01 17:34:05 L_valid:770 L_rssi:-88 U_valid:100 U_rssi:-137 P1VBatt:7363
2022-05-01 17:34:15 L_valid:771 L_rssi:-87 U_valid:100 U_rssi:-137 P1VBatt:7363
2022-05-01 17:34:20 L_valid:772 L_rssi:-106 U_valid:100 U_rssi:-137 P1VBatt:7363
2022-05-01 17:34:40 L_valid:773 L_rssi:-103 U_valid:100 U_rssi:-137 P1VBatt:7361
2022-05-01 17:34:45 L_valid:774 L_rssi:-91 U_valid:100 U_rssi:-137 P1VBatt:7360
2022-05-01 17:34:50 L_valid:775 L_rssi:-105 U_valid:100 U_rssi:-137 P1VBatt:7360
2022-05-01 17:34:55 L_valid:776 L_rssi:-105 U_valid:100 U_rssi:-137 P1VBatt:7360
2022-05-01 17:35:00 L_valid:777 L_rssi:-108 U_valid:100 U_rssi:-137 P1VBatt:7360
2022-05-01 17:35:10 L_valid:778 L_rssi:-112 U_valid:100 U_rssi:-137 P1VBatt:7356
2022-05-01 17:35:15 L_valid:779 L_rssi:-104 U_valid:100 U_rssi:-137 P1VBatt:7360
2022-05-01 17:35:25 L_valid:780 L_rssi:-105 U_valid:100 U_rssi:-137 P1VBatt:7360
2022-05-01 17:35:30 L_valid:781 L_rssi:-105 U_valid:100 U_rssi:-137 P1VBatt:7360
2022-05-01 17:35:35 L_valid:782 L_rssi:-105 U_valid:100 U_rssi:-137 P1VBatt:7358
2022-05-01 17:35:40 L_valid:783 L_rssi:-104 U_valid:100 U_rssi:-137 P1VBatt:7358
2022-05-01 17:35:45 L_valid:784 L_rssi:-105 U_valid:100 U_rssi:-137 P1VBatt:7332
2022-05-01 17:35:50 L_valid:785 L_rssi:-105 U_valid:100 U_rssi:-137 P1VBatt:7332
2022-05-01 17:35:55 L_valid:786 L_rssi:-108 U_valid:100 U_rssi:-137 P1VBatt:7360
2022-05-01 17:36:00 L_valid:787 L_rssi:-104 U_valid:100 U_rssi:-137 P1VBatt:7360
2022-05-01 17:36:05 L_valid:788 L_rssi:-102 U_valid:100 U_rssi:-137 P1VBatt:7357
2022-05-01 17:36:15 L_valid:789 L_rssi:-91 U_valid:100 U_rssi:-137 P1VBatt:7361
2022-05-01 17:36:20 L_valid:790 L_rssi:-89 U_valid:100 U_rssi:-137 P1VBatt:7361
2022-05-01 17:36:30 L_valid:791 L_rssi:-90 U_valid:100 U_rssi:-137 P1VBatt:7355
2022-05-01 17:36:40 L_valid:792 L_rssi:-106 U_valid:100 U_rssi:-137 P1VBatt:7366
2022-05-01 17:36:45 L_valid:793 L_rssi:-108 U_valid:100 U_rssi:-137 P1VBatt:7355
2022-05-01 17:36:50 L_valid:794 L_rssi:-108 U_valid:100 U_rssi:-137 P1VBatt:7355
2022-05-01 17:36:55 L_valid:795 L_rssi:-104 U_valid:100 U_rssi:-137 P1VBatt:7356
2022-05-01 17:37:10 L_valid:796 L_rssi:-88 U_valid:100 U_rssi:-137 P1VBatt:7361
2022-05-01 17:37:20 L_valid:797 L_rssi:-89 U_valid:100 U_rssi:-137 P1VBatt:7358
2022-05-01 17:37:25 L_valid:798 L_rssi:-87 U_valid:100 U_rssi:-137 P1VBatt:7357
2022-05-01 17:37:30 L_valid:799 L_rssi:-89 U_valid:100 U_rssi:-137 P1VBatt:7357
2022-05-01 17:37:40 L_valid:800 L_rssi:-87 U_valid:100 U_rssi:-137 P1VBatt:7337
2022-05-01 17:37:45 L_valid:801 L_rssi:-88 U_valid:100 U_rssi:-137 P1VBatt:7356
2022-05-01 17:37:50 L_valid:802 L_rssi:-88 U_valid:100 U_rssi:-137 P1VBatt:7356
2022-05-01 17:37:55 L_valid:803 L_rssi:-89 U_valid:100 U_rssi:-137 P1VBatt:7340
2022-05-01 17:38:05 L_valid:804 L_rssi:-89 U_valid:100 U_rssi:-137 P1VBatt:7360
2022-05-01 17:38:10 L_valid:805 L_rssi:-89 U_valid:100 U_rssi:-137 P1VBatt:7360
2022-05-01 17:38:15 L_valid:806 L_rssi:-101 U_valid:100 U_rssi:-137 P1VBatt:7355
2022-05-01 17:38:20 L_valid:807 L_rssi:-91 U_valid:100 U_rssi:-137 P1VBatt:7355
2022-05-01 17:38:30 L_valid:808 L_rssi:-89 U_valid:100 U_rssi:-137 P1VBatt:7361
2022-05-01 17:38:35 L_valid:809 L_rssi:-87 U_valid:100 U_rssi:-137 P1VBatt:7361
2022-05-01 17:38:40 L_valid:810 L_rssi:-103 U_valid:100 U_rssi:-137 P1VBatt:7361
2022-05-01 17:38:45 L_valid:811 L_rssi:-89 U_valid:100 U_rssi:-137 P1VBatt:7355
2022-05-01 17:38:50 L_valid:812 L_rssi:-87 U_valid:100 U_rssi:-137 P1VBatt:7355
2022-05-01 17:38:55 L_valid:813 L_rssi:-88 U_valid:100 U_rssi:-137 P1VBatt:7356
2022-05-01 17:39:05 L_valid:814 L_rssi:-86 U_valid:100 U_rssi:-137 P1VBatt:7356
2022-05-01 17:39:20 L_valid:815 L_rssi:-88 U_valid:100 U_rssi:-137 P1VBatt:7357
2022-05-01 17:39:25 L_valid:816 L_rssi:-85 U_valid:100 U_rssi:-137 P1VBatt:7336
2022-05-01 17:39:30 L_valid:817 L_rssi:-88 U_valid:100 U_rssi:-137 P1VBatt:7336
2022-05-01 17:39:35 L_valid:818 L_rssi:-90 U_valid:100 U_rssi:-137 P1VBatt:7361
2022-05-01 17:39:40 L_valid:819 L_rssi:-101 U_valid:100 U_rssi:-137 P1VBatt:7361
2022-05-01 17:39:45 L_valid:820 L_rssi:-94 U_valid:100 U_rssi:-137 P1VBatt:7360
2022-05-01 17:40:00 L_valid:821 L_rssi:-111 U_valid:100 U_rssi:-137 P1VBatt:7356
2022-05-01 17:40:25 L_valid:822 L_rssi:-88 U_valid:100 U_rssi:-137 P1VBatt:7362
2022-05-01 17:40:35 L_valid:823 L_rssi:-84 U_valid:100 U_rssi:-137 P1VBatt:7356
2022-05-01 17:40:40 L_valid:824 L_rssi:-90 U_valid:100 U_rssi:-137 P1VBatt:7356
2022-05-01 17:40:45 L_valid:825 L_rssi:-87 U_valid:100 U_rssi:-137 P1VBatt:7362
2022-05-01 17:40:55 L_valid:826 L_rssi:-104 U_valid:100 U_rssi:-137 P1VBatt:7358
2022-05-01 17:41:00 L_valid:827 L_rssi:-87 U_valid:100 U_rssi:-137 P1VBatt:7358
2022-05-01 17:41:05 L_valid:828 L_rssi:-90 U_valid:100 U_rssi:-137 P1VBatt:7357
2022-05-01 17:41:10 L_valid:829 L_rssi:-101 U_valid:100 U_rssi:-137 P1VBatt:7357
2022-05-01 17:41:15 L_valid:830 L_rssi:-87 U_valid:100 U_rssi:-137 P1VBatt:7356
2022-05-01 17:41:20 L_valid:831 L_rssi:-87 U_valid:100 U_rssi:-137 P1VBatt:7356
2022-05-01 17:41:25 L_valid:832 L_rssi:-87 U_valid:100 U_rssi:-137 P1VBatt:7360
2022-05-01 17:41:30 L_valid:833 L_rssi:-87 U_valid:100 U_rssi:-137 P1VBatt:7360
2022-05-01 17:41:35 L_valid:834 L_rssi:-88 U_valid:100 U_rssi:-137 P1VBatt:7356
2022-05-01 17:41:40 L_valid:835 L_rssi:-88 U_valid:100 U_rssi:-137 P1VBatt:7356
2022-05-01 17:41:50 L_valid:836 L_rssi:-87 U_valid:100 U_rssi:-137 P1VBatt:7353
2022-05-01 17:41:55 L_valid:837 L_rssi:-85 U_valid:100 U_rssi:-137 P1VBatt:7352
2022-05-01 17:42:00 L_valid:838 L_rssi:-104 U_valid:100 U_rssi:-137 P1VBatt:7352
2022-05-01 17:42:05 L_valid:839 L_rssi:-106 U_valid:100 U_rssi:-137 P1VBatt:7350
2022-05-01 17:42:15 L_valid:840 L_rssi:-103 U_valid:100 U_rssi:-137 P1VBatt:7358
2022-05-01 17:42:20 L_valid:841 L_rssi:-88 U_valid:100 U_rssi:-137 P1VBatt:7358
2022-05-01 17:42:25 L_valid:842 L_rssi:-101 U_valid:100 U_rssi:-137 P1VBatt:7348
2022-05-01 17:42:30 L_valid:843 L_rssi:-86 U_valid:100 U_rssi:-137 P1VBatt:7348
2022-05-01 17:42:35 L_valid:844 L_rssi:-86 U_valid:100 U_rssi:-137 P1VBatt:7346
2022-05-01 17:42:40 L_valid:845 L_rssi:-104 U_valid:100 U_rssi:-137 P1VBatt:7346
2022-05-01 17:42:55 L_valid:846 L_rssi:-87 U_valid:100 U_rssi:-137 P1VBatt:7355
2022-05-01 17:43:00 L_valid:847 L_rssi:-88 U_valid:100 U_rssi:-137 P1VBatt:7355
2022-05-01 17:43:05 L_valid:848 L_rssi:-86 U_valid:100 U_rssi:-137 P1VBatt:7337
2022-05-01 17:43:15 L_valid:849 L_rssi:-85 U_valid:100 U_rssi:-137 P1VBatt:7353
2022-05-01 17:43:25 L_valid:850 L_rssi:-86 U_valid:100 U_rssi:-137 P1VBatt:7353
2022-05-01 17:43:30 L_valid:851 L_rssi:-84 U_valid:100 U_rssi:-137 P1VBatt:7353
2022-05-01 17:43:35 L_valid:852 L_rssi:-86 U_valid:100 U_rssi:-137 P1VBatt:7356
2022-05-01 17:43:40 L_valid:853 L_rssi:-85 U_valid:100 U_rssi:-137 P1VBatt:7356
2022-05-01 17:43:55 L_valid:854 L_rssi:-84 U_valid:100 U_rssi:-137 P1VBatt:7357
2022-05-01 17:44:00 L_valid:855 L_rssi:-85 U_valid:100 U_rssi:-137 P1VBatt:7357
2022-05-01 17:44:05 L_valid:856 L_rssi:-84 U_valid:100 U_rssi:-137 P1VBatt:7356
2022-05-01 17:44:10 L_valid:857 L_rssi:-83 U_valid:100 U_rssi:-137 P1VBatt:7356
2022-05-01 17:44:15 L_valid:858 L_rssi:-84 U_valid:100 U_rssi:-137 P1VBatt:7328
2022-05-01 17:44:25 L_valid:859 L_rssi:-83 U_valid:100 U_rssi:-137 P1VBatt:7352
2022-05-01 17:44:30 L_valid:860 L_rssi:-84 U_valid:100 U_rssi:-137 P1VBatt:7352
2022-05-01 17:44:35 L_valid:861 L_rssi:-85 U_valid:100 U_rssi:-137 P1VBatt:7330
2022-05-01 17:44:40 L_valid:862 L_rssi:-84 U_valid:100 U_rssi:-137 P1VBatt:7330
2022-05-01 17:44:50 L_valid:863 L_rssi:-81 U_valid:100 U_rssi:-137 P1VBatt:7356
2022-05-01 17:45:00 L_valid:864 L_rssi:-82 U_valid:100 U_rssi:-137 P1VBatt:7356
2022-05-01 17:45:20 L_valid:865 L_rssi:-83 U_valid:100 U_rssi:-137 P1VBatt:7352
2022-05-01 17:45:25 L_valid:866 L_rssi:-82 U_valid:100 U_rssi:-137 P1VBatt:7355
2022-05-01 17:45:30 L_valid:867 L_rssi:-85 U_valid:100 U_rssi:-137 P1VBatt:7355
2022-05-01 17:45:35 L_valid:868 L_rssi:-84 U_valid:100 U_rssi:-137 P1VBatt:7356
2022-05-01 17:45:50 L_valid:869 L_rssi:-91 U_valid:100 U_rssi:-137 P1VBatt:7353
2022-05-01 17:46:00 L_valid:870 L_rssi:-111 U_valid:100 U_rssi:-137 P1VBatt:7361
2022-05-01 17:46:05 L_valid:871 L_rssi:-105 U_valid:100 U_rssi:-137 P1VBatt:7335
2022-05-01 17:46:20 L_valid:872 L_rssi:-88 U_valid:100 U_rssi:-137 P1VBatt:7361
2022-05-01 17:46:25 L_valid:873 L_rssi:-105 U_valid:100 U_rssi:-137 P1VBatt:7351
2022-05-01 17:46:30 L_valid:874 L_rssi:-108 U_valid:100 U_rssi:-137 P1VBatt:7351
2022-05-01 17:46:40 L_valid:875 L_rssi:-110 U_valid:100 U_rssi:-137 P1VBatt:7350
2022-05-01 17:46:55 L_valid:876 L_rssi:-104 U_valid:100 U_rssi:-137 P1VBatt:7355
2022-05-01 17:47:00 L_valid:877 L_rssi:-116 U_valid:100 U_rssi:-137 P1VBatt:7355
2022-05-01 17:47:05 L_valid:878 L_rssi:-112 U_valid:100 U_rssi:-137 P1VBatt:7352
2022-05-01 17:47:10 L_valid:879 L_rssi:-114 U_valid:100 U_rssi:-137 P1VBatt:7352
2022-05-01 17:47:15 L_valid:880 L_rssi:-108 U_valid:100 U_rssi:-137 P1VBatt:7343
2022-05-01 17:47:30 L_valid:881 L_rssi:-117 U_valid:100 U_rssi:-137 P1VBatt:7358
2022-05-01 17:47:40 L_valid:882 L_rssi:-119 U_valid:100 U_rssi:-137 P1VBatt:7356
2022-05-01 17:47:55 L_valid:883 L_rssi:-114 U_valid:100 U_rssi:-137 P1VBatt:7355
2022-05-01 17:48:00 L_valid:884 L_rssi:-112 U_valid:100 U_rssi:-137 P1VBatt:7355
2022-05-01 17:48:20 L_valid:885 L_rssi:-109 U_valid:100 U_rssi:-137 P1VBatt:7358
2022-05-01 17:49:05 L_valid:886 L_rssi:-112 U_valid:100 U_rssi:-137 P1VBatt:7353
2022-05-01 17:49:20 L_valid:887 L_rssi:-111 U_valid:100 U_rssi:-137 P1VBatt:7352
2022-05-01 17:49:45 L_valid:888 L_rssi:-113 U_valid:100 U_rssi:-137 P1VBatt:7351
2022-05-01 17:49:55 L_valid:889 L_rssi:-109 U_valid:100 U_rssi:-137 P1VBatt:7352
2022-05-01 17:50:00 L_valid:890 L_rssi:-107 U_valid:100 U_rssi:-137 P1VBatt:7352
2022-05-01 17:50:15 L_valid:891 L_rssi:-108 U_valid:100 U_rssi:-137 P1VBatt:7357
2022-05-01 17:50:20 L_valid:892 L_rssi:-91 U_valid:100 U_rssi:-137 P1VBatt:7357
2022-05-01 17:50:25 L_valid:893 L_rssi:-91 U_valid:100 U_rssi:-137 P1VBatt:7352
2022-05-01 17:50:40 L_valid:894 L_rssi:-106 U_valid:100 U_rssi:-137 P1VBatt:7357
2022-05-01 17:50:45 L_valid:895 L_rssi:-113 U_valid:100 U_rssi:-137 P1VBatt:7351
2022-05-01 17:51:05 L_valid:896 L_rssi:-111 U_valid:100 U_rssi:-137 P1VBatt:7357
2022-05-01 17:51:20 L_valid:897 L_rssi:-111 U_valid:100 U_rssi:-137 P1VBatt:7350
2022-05-01 17:51:30 L_valid:898 L_rssi:-116 U_valid:100 U_rssi:-137 P1VBatt:7345
2022-05-01 17:51:40 L_valid:899 L_rssi:-90 U_valid:100 U_rssi:-137 P1VBatt:7331
2022-05-01 17:51:50 L_valid:900 L_rssi:-104 U_valid:100 U_rssi:-137 P1VBatt:7350
2022-05-01 17:52:00 L_valid:901 L_rssi:-105 U_valid:100 U_rssi:-137 P1VBatt:7345
2022-05-01 17:52:10 L_valid:902 L_rssi:-87 U_valid:100 U_rssi:-137 P1VBatt:7350
2022-05-01 17:52:20 L_valid:903 L_rssi:-104 U_valid:100 U_rssi:-137 P1VBatt:7356
2022-05-01 17:52:25 L_valid:904 L_rssi:-109 U_valid:100 U_rssi:-137 P1VBatt:7353
2022-05-01 17:52:30 L_valid:905 L_rssi:-106 U_valid:100 U_rssi:-137 P1VBatt:7353
2022-05-01 17:52:40 L_valid:906 L_rssi:-102 U_valid:100 U_rssi:-137 P1VBatt:7350
2022-05-01 17:52:45 L_valid:907 L_rssi:-108 U_valid:100 U_rssi:-137 P1VBatt:7330
2022-05-01 17:52:50 L_valid:908 L_rssi:-106 U_valid:100 U_rssi:-137 P1VBatt:7330
2022-05-01 17:52:55 L_valid:909 L_rssi:-111 U_valid:100 U_rssi:-137 P1VBatt:7356
2022-05-01 17:53:05 L_valid:910 L_rssi:-112 U_valid:100 U_rssi:-137 P1VBatt:7351
2022-05-01 17:53:10 L_valid:911 L_rssi:-111 U_valid:100 U_rssi:-137 P1VBatt:7351


